<?xml version="1.0" encoding="UTF-8"?>
<robot generator="Robot 3.1.1 (Python 3.7.3 on win32)" generated="20190407 16:15:27.563" rpa="false">
<suite id="s1" name="TC001 Get Request" source="C:\Users\Rohit\PycharmProjects\RobotFrameworkAPIAutomation\TestCases\TC001_Get_Request.robot">
<test id="s1-t1" name="Get Request Students Details">
<kw name="Create Session" library="RequestsLibrary">
<doc>Create Session: create a HTTP session to a server</doc>
<arguments>
<arg>Get_Student_Details</arg>
<arg>${Base_URL}</arg>
</arguments>
<msg timestamp="20190407 16:15:27.705" level="INFO">Creating Session using : alias=Get_Student_Details, url=http://thetestingworldapi.com/, headers={},                     cookies=None, auth=None, timeout=None, proxies=None, verify=False,                     debug=0 </msg>
<status status="PASS" starttime="20190407 16:15:27.704" endtime="20190407 16:15:27.705"></status>
</kw>
<kw name="Get Request" library="RequestsLibrary">
<doc>Send a GET request on the session object found using the
given `alias`</doc>
<arguments>
<arg>Get_Student_Details</arg>
<arg>api/studentsDetails</arg>
</arguments>
<assign>
<var>${response}</var>
</assign>
<msg timestamp="20190407 16:15:28.908" level="INFO">Get Request using : alias=Get_Student_Details, uri=api/studentsDetails, headers=None json=None</msg>
<msg timestamp="20190407 16:15:28.908" level="INFO">${response} = &lt;Response [200]&gt;</msg>
<status status="PASS" starttime="20190407 16:15:27.705" endtime="20190407 16:15:28.908"></status>
</kw>
<kw name="Log To Console" library="BuiltIn">
<doc>Logs the given message to the console.</doc>
<arguments>
<arg>${response.status_code}</arg>
</arguments>
<status status="PASS" starttime="20190407 16:15:28.909" endtime="20190407 16:15:28.909"></status>
</kw>
<kw name="Log To Console" library="BuiltIn">
<doc>Logs the given message to the console.</doc>
<arguments>
<arg>${response.content}</arg>
</arguments>
<status status="PASS" starttime="20190407 16:15:28.910" endtime="20190407 16:15:28.927"></status>
</kw>
<kw name="Log" library="BuiltIn">
<doc>Logs the given message with the given level.</doc>
<arguments>
<arg>${response.status_code}</arg>
</arguments>
<msg timestamp="20190407 16:15:28.927" level="INFO">200</msg>
<status status="PASS" starttime="20190407 16:15:28.927" endtime="20190407 16:15:28.927"></status>
</kw>
<kw name="Log" library="BuiltIn">
<doc>Logs the given message with the given level.</doc>
<arguments>
<arg>${response.content}</arg>
</arguments>
<msg timestamp="20190407 16:15:28.930" level="INFO">[{"id":58,"first_name":"Hello11","middle_name":"sample string 3","last_name":"sample string 4","date_of_birth":"sample string 5"},{"id":59,"first_name":"TestingWorld","middle_name":"sample string 3","last_name":"sample string 4","date_of_birth":"sample string 5"},{"id":60,"first_name":"xxxxxxx","middle_name":"global","last_name":"sample strisssng 4","date_of_birth":"sample string 5"},{"id":62,"first_name":"Testing","middle_name":"sample string 3","last_name":"sample string 4","date_of_birth":"sample string 5"},{"id":65,"first_name":"sample string 2","middle_name":"sample string 3","last_name":"sample string 4","date_of_birth":"sample string 5"},{"id":66,"first_name":"Sam","middle_name":"sample string 3","last_name":"","date_of_birth":"sample string 5"},{"id":67,"first_name":"Sam","middle_name":"sample string 3","last_name":"Hello","date_of_birth":"sample string 5"},{"id":68,"first_name":"","middle_name":"sample string 3","last_name":"","date_of_birth":"sample string 5"},{"id":69,"first_name":"A","middle_name":"B","last_name":"C","date_of_birth":"12/12/1985"},{"id":71,"first_name":"Helli","middle_name":"A","last_name":"ABCD","date_of_birth":"12/12/1985"},{"id":72,"first_name":"ABCD","middle_name":"B","last_name":"XYZ","date_of_birth":"12/12/1985"},{"id":73,"first_name":"MNOP","middle_name":"C","last_name":"ABCDEF","date_of_birth":"12/12/1985"},{"id":74,"first_name":"Joy","middle_name":"None","last_name":"Dutta","date_of_birth":"12/12/1985"},{"id":75,"first_name":"XYZ","middle_name":"B","last_name":"asdsa","date_of_birth":"12/12/1985"},{"id":76,"first_name":"MNOP","middle_name":"C","last_name":"asdsa","date_of_birth":"12/12/1985"},{"id":78,"first_name":"MNOP","middle_name":"C","last_name":"asdsa","date_of_birth":"12/12/1985"},{"id":79,"first_name":"","middle_name":"","last_name":"","date_of_birth":"12/12/1985"},{"id":80,"first_name":"ABCD","middle_name":"A","last_name":"sadsa","date_of_birth":"12/12/1985"},{"id":81,"first_name":"XYZ","middle_name":"B","last_name":"asdsa","date_of_birth":"12/12/1985"},{"id":82,"first_name":"MNOP","middle_name":"C","last_name":"asdsa","date_of_birth":"12/12/1985"},{"id":83,"first_name":"ABCD","middle_name":"A","last_name":"sadsa","date_of_birth":"12/12/1985"},{"id":84,"first_name":"XYZ","middle_name":"B","last_name":"asdsa","date_of_birth":"12/12/1985"},{"id":85,"first_name":"MNOP","middle_name":"C","last_name":"asdsa","date_of_birth":"12/12/1985"},{"id":86,"first_name":"ABCD","middle_name":"A","last_name":"sadsa","date_of_birth":"12/12/1985"},{"id":87,"first_name":"XYZ","middle_name":"B","last_name":"asdsa","date_of_birth":"12/12/1985"},{"id":88,"first_name":"MNOP","middle_name":"C","last_name":"asdsa","date_of_birth":"12/12/1985"},{"id":89,"first_name":"ABCD","middle_name":"A","last_name":"sadsa","date_of_birth":"2"},{"id":90,"first_name":"XYZ","middle_name":"B","last_name":"asdsa","date_of_birth":"2"},{"id":91,"first_name":"MNOP","middle_name":"C","last_name":"asdsa","date_of_birth":"2"},{"id":92,"first_name":"sample string 2","middle_name":"sample string 3","last_name":"sample string 4","date_of_birth":"sample string 5"},{"id":93,"first_name":"sample string 2","middle_name":"sample string 3","last_name":"sample string 4","date_of_birth":"sample string 5"},{"id":95,"first_name":"FN-test","middle_name":"MN-test","last_name":"LN-test","date_of_birth":"DOB_test"},{"id":96,"first_name":"FN-test","middle_name":"MN-test","last_name":"LN-test","date_of_birth":"DOB_test"},{"id":97,"first_name":"FN-test","middle_name":"MN-test","last_name":"LN-test","date_of_birth":"DOB_test"},{"id":98,"first_name":"FN-testA","middle_name":"MN-testA","last_name":"LN-testA","date_of_birth":"DOB_testA"},{"id":120,"first_name":"PropertyA-E","middle_name":"PropertyB-E","last_name":"PropertyC-E","date_of_birth":"PropertyD-E"},{"id":121,"first_name":"PropertyA-F","middle_name":"PropertyB-F","last_name":"PropertyC-F","date_of_birth":"PropertyD-F"},{"id":122,"first_name":"PropertyA-A","middle_name":"PropertyB-A","last_name":"PropertyC-A","date_of_birth":"PropertyD-A"},{"id":123,"first_name":"PropertyA-B","middle_name":"PropertyB-B","last_name":"PropertyC-B","date_of_birth":"PropertyD-B"},{"id":124,"first_name":"PropertyA-C","middle_name":"PropertyB-C","last_name":"PropertyC-C","date_of_birth":"PropertyD-C"},{"id":125,"first_name":"Testing","middle_name":"A","last_name":"World","date_of_birth":"12/12/1985"},{"id":126,"first_name":"PropertyA-E","middle_name":"PropertyB-E","last_name":"PropertyC-E","date_of_birth":"PropertyD-E"},{"id":127,"first_name":"PropertyA-F","middle_name":"PropertyB-F","last_name":"PropertyC-F","date_of_birth":"PropertyD-F"},{"id":128,"first_name":"PropertyA-A","middle_name":"PropertyB-A","last_name":"PropertyC-A","date_of_birth":"PropertyD-A"},{"id":129,"first_name":"PropertyA-B","middle_name":"PropertyB-B","last_name":"PropertyC-B","date_of_birth":"PropertyD-B"},{"id":165,"first_name":"FirstName-A","middle_name":"MiddleName-A","last_name":"LastName-A","date_of_birth":"DOB-111111-A"},{"id":166,"first_name":"","middle_name":"","last_name":"","date_of_birth":""},{"id":168,"first_name":"FirstName-A","middle_name":"MiddleName-A","last_name":"LastName-A","date_of_birth":"12/1/80"},{"id":169,"first_name":"FirstName-A","middle_name":"MiddleName-A","last_name":"LastName-A","date_of_birth":"12/1/80"},{"id":170,"first_name":"FirstName-A","middle_name":"MiddleName-A","last_name":"LastName-A","date_of_birth":"12/1/80"},{"id":171,"first_name":"FirstName-A","middle_name":"MiddleName-A","last_name":"LastName-A","date_of_birth":"12/1/82"},{"id":172,"first_name":"FirstName-A","middle_name":"MiddleName-A","last_name":"LastName-A","date_of_birth":"12/1/82"},{"id":173,"first_name":"FirstName-A","middle_name":"MiddleName-A","last_name":"LastName-A","date_of_birth":"12/1/82"},{"id":174,"first_name":"FirstName-A","middle_name":"MiddleName-A","last_name":"LastName-A","date_of_birth":"12/1/82"},{"id":175,"first_name":"FirstName-A","middle_name":"MiddleName-A","last_name":"LastName-A","date_of_birth":"12/1/80, 12/1/81, 12/1/82, 12/1/83, 12/1/84"},{"id":176,"first_name":"FirstName-A","middle_name":"MiddleName-A","last_name":"LastName-A","date_of_birth":"12/1/80"},{"id":177,"first_name":"FirstName-A","middle_name":"MiddleName-A","last_name":"LastName-A","date_of_birth":"12/1/80"},{"id":178,"first_name":"FirstName-A","middle_name":"MiddleName-A","last_name":"LastName-A","date_of_birth":"12/1/80"},{"id":179,"first_name":"FirstName-A","middle_name":"MiddleName-A","last_name":"LastName-A","date_of_birth":"12/1/80"},{"id":180,"first_name":"TestCasePropertyValue","middle_name":"TestSuite-Property-Value","last_name":"Project-Property-Value","date_of_birth":"Global-Property-Value"},{"id":181,"first_name":"FirstName-A","middle_name":"MiddleName-A","last_name":"LastName-A","date_of_birth":"12/1/81"},{"id":182,"first_name":"FirstName-A","middle_name":"MiddleName-A","last_name":"LastName-A","date_of_birth":"12/1/81"},{"id":183,"first_name":"FirstName-A","middle_name":"MiddleName-A","last_name":"LastName-A","date_of_birth":"12/1/81"},{"id":184,"first_name":"FirstName-A","middle_name":"MiddleName-A","last_name":"LastName-A","date_of_birth":"12/1/81"},{"id":185,"first_name":"FirstName-A","middle_name":"MiddleName-A","last_name":"LastName-A","date_of_birth":"12/1/81"},{"id":187,"first_name":"FirstName-A","middle_name":"MiddleName-A","last_name":"LastName-A","date_of_birth":"12/1/84 "},{"id":188,"first_name":"FirstName-A","middle_name":"MiddleName-A","last_name":"LastName-A","date_of_birth":"12/1/84 "},{"id":189,"first_name":"FirstName-A","middle_name":"MiddleName-A","last_name":"LastName-A","date_of_birth":"12/1/84 "},{"id":190,"first_name":"hello","middle_name":"world","last_name":"helloworld","date_of_birth":"5/5/2005"},{"id":191,"first_name":"FirstName-A","middle_name":"MiddleName-A","last_name":"LastName-A","date_of_birth":"12/1/83 "},{"id":192,"first_name":"FirstName-A","middle_name":"MiddleName-A","last_name":"LastName-A","date_of_birth":"12/1/84 "},{"id":197,"first_name":"ABCD","middle_name":"A","last_name":"sadsa","date_of_birth":"171691"},{"id":198,"first_name":"ABCD","middle_name":"A","last_name":"sadsa","date_of_birth":"809960"},{"id":199,"first_name":"ABCD","middle_name":"A","last_name":"sadsa","date_of_birth":"219473"},{"id":202,"first_name":"XYZ","middle_name":"B","last_name":"asdsa","date_of_birth":"309189"},{"id":203,"first_name":"XYZ","middle_name":"B","last_name":"asdsa","date_of_birth":"171691"},{"id":204,"first_name":"XYZ","middle_name":"B","last_name":"asdsa","date_of_birth":"809960"},{"id":205,"first_name":"XYZ","middle_name":"B","last_name":"asdsa","date_of_birth":"219473"},{"id":206,"first_name":"MNOP","middle_name":"C","last_name":"asdsa","date_of_birth":"426416"},{"id":207,"first_name":"MNOP","middle_name":"C","last_name":"asdsa","date_of_birth":"171691"},{"id":208,"first_name":"MNOP","middle_name":"C","last_name":"asdsa","date_of_birth":"809960"},{"id":209,"first_name":"MNOP","middle_name":"C","last_name":"asdsa","date_of_birth":"219473"},{"id":210,"first_name":"MNOP","middle_name":"C","last_name":"asdsa","date_of_birth":"309189"},{"id":211,"first_name":"ABCD","middle_name":"A","last_name":"sadsa","date_of_birth":"370968"},{"id":212,"first_name":"XYZ","middle_name":"B","last_name":"asdsa","date_of_birth":"370968"},{"id":213,"first_name":"ABCD","middle_name":"A","last_name":"sadsa","date_of_birth":"870755"},{"id":214,"first_name":"MNOP","middle_name":"C","last_name":"asdsa","date_of_birth":"370968"},{"id":215,"first_name":"XYZ","middle_name":"B","last_name":"asdsa","date_of_birth":"870755"},{"id":216,"first_name":"ABCD","middle_name":"A","last_name":"sadsa","date_of_birth":"567210"},{"id":217,"first_name":"MNOP","middle_name":"C","last_name":"asdsa","date_of_birth":"870755"},{"id":218,"first_name":"XYZ","middle_name":"B","last_name":"asdsa","date_of_birth":"567210"},{"id":219,"first_name":"ABCD","middle_name":"A","last_name":"sadsa","date_of_birth":"136921"},{"id":220,"first_name":"MNOP","middle_name":"C","last_name":"asdsa","date_of_birth":"567210"},{"id":221,"first_name":"XYZ","middle_name":"B","last_name":"asdsa","date_of_birth":"136921"},{"id":222,"first_name":"MNOP","middle_name":"C","last_name":"asdsa","date_of_birth":"136921"},{"id":223,"first_name":"ABCD","middle_name":"A","last_name":"sadsa","date_of_birth":"545867"},{"id":224,"first_name":"XYZ","middle_name":"B","last_name":"asdsa","date_of_birth":"545867"},{"id":225,"first_name":"MNOP","middle_name":"C","last_name":"asdsa","date_of_birth":"545867"},{"id":226,"first_name":"ABCD","middle_name":"A","last_name":"sadsa","date_of_birth":"140211"},{"id":227,"first_name":"ABCD","middle_name":"A","last_name":"sadsa","date_of_birth":"992292"},{"id":228,"first_name":"XYZ","middle_name":"B","last_name":"asdsa","date_of_birth":"140211"},{"id":229,"first_name":"XYZ","middle_name":"B","last_name":"asdsa","date_of_birth":"992292"},{"id":231,"first_name":"ABCD","middle_name":"A","last_name":"sadsa","date_of_birth":"806919"},{"id":232,"first_name":"MNOP","middle_name":"C","last_name":"asdsa","date_of_birth":"992292"},{"id":233,"first_name":"XYZ","middle_name":"B","last_name":"asdsa","date_of_birth":"806919"},{"id":234,"first_name":"MNOP","middle_name":"C","last_name":"asdsa","date_of_birth":"806919"},{"id":235,"first_name":"ABCD","middle_name":"A","last_name":"sadsa","date_of_birth":"313451"},{"id":236,"first_name":"XYZ","middle_name":"B","last_name":"asdsa","date_of_birth":"313451"},{"id":237,"first_name":"MNOP","middle_name":"C","last_name":"asdsa","date_of_birth":"313451"},{"id":238,"first_name":"ABCD","middle_name":"A","last_name":"sadsa","date_of_birth":"72739"},{"id":239,"first_name":"XYZ","middle_name":"B","last_name":"asdsa","date_of_birth":"72739"},{"id":240,"first_name":"MNOP","middle_name":"C","last_name":"asdsa","date_of_birth":"72739"},{"id":241,"first_name":"ABCD","middle_name":"A","last_name":"sadsa","date_of_birth":"380826"},{"id":242,"first_name":"XYZ","middle_name":"B","last_name":"asdsa","date_of_birth":"380826"},{"id":243,"first_name":"ABCD","middle_name":"A","last_name":"sadsa","date_of_birth":"239171"},{"id":244,"first_name":"MNOP","middle_name":"C","last_name":"asdsa","date_of_birth":"380826"},{"id":245,"first_name":"XYZ","middle_name":"B","last_name":"asdsa","date_of_birth":"239171"},{"id":246,"first_name":"ABCD","middle_name":"A","last_name":"sadsa","date_of_birth":"502489"},{"id":247,"first_name":"MNOP","middle_name":"C","last_name":"asdsa","date_of_birth":"239171"},{"id":248,"first_name":"XYZ","middle_name":"B","last_name":"asdsa","date_of_birth":"502489"},{"id":249,"first_name":"MNOP","middle_name":"C","last_name":"asdsa","date_of_birth":"502489"},{"id":250,"first_name":"ABCD","middle_name":"A","last_name":"sadsa","date_of_birth":"265229"},{"id":251,"first_name":"XYZ","middle_name":"B","last_name":"asdsa","date_of_birth":"265229"},{"id":252,"first_name":"MNOP","middle_name":"C","last_name":"asdsa","date_of_birth":"265229"},{"id":253,"first_name":"ABCD","middle_name":"A","last_name":"sadsa","date_of_birth":"842664"},{"id":254,"first_name":"XYZ","middle_name":"B","last_name":"asdsa","date_of_birth":"842664"},{"id":255,"first_name":"MNOP","middle_name":"C","last_name":"asdsa","date_of_birth":"842664"},{"id":256,"first_name":"Akash","middle_name":"Kumar","last_name":"Dubey","date_of_birth":"22/12/1987"},{"id":257,"first_name":"XYZ","middle_name":"B","last_name":"asdsa","date_of_birth":"855764"},{"id":258,"first_name":"MNOP","middle_name":"C","last_name":"asdsa","date_of_birth":"855764"},{"id":259,"first_name":"John","middle_name":"K","last_name":"ABCD","date_of_birth":"12/12/1985"},{"id":260,"first_name":"John","middle_name":"K","last_name":"ABCD","date_of_birth":"12/12/1985"},{"id":261,"first_name":"John","middle_name":"K","last_name":"ABCD","date_of_birth":"12/12/1985"},{"id":262,"first_name":"John","middle_name":"K","last_name":"ABCD","date_of_birth":"12/12/1985"},{"id":263,"first_name":"John","middle_name":"K","last_name":"ABCD","date_of_birth":"12/12/1985"},{"id":264,"first_name":"John","middle_name":"K","last_name":"ABCD","date_of_birth":"12/12/1985"},{"id":265,"first_name":"John","middle_name":"K","last_name":"ABCD","date_of_birth":"12/12/1985"},{"id":266,"first_name":"John","middle_name":"K","last_name":"ABCD","date_of_birth":"12/12/1985"},{"id":267,"first_name":"John","middle_name":"K","last_name":"ABCD","date_of_birth":"12/12/1985"},{"id":268,"first_name":"John","middle_name":"K","last_name":"ABCD","date_of_birth":"12/12/1985"},{"id":269,"first_name":"Amit","middle_name":" ","last_name":"Singh","date_of_birth":"31-JULY-1989"},{"id":270,"first_name":"Amit","middle_name":" ","last_name":"Singh","date_of_birth":"31-JULY-1989"},{"id":271,"first_name":"Amit","middle_name":" ","last_name":"Singh","date_of_birth":"31-JULY-1989"},{"id":272,"first_name":"Amit","middle_name":" ","last_name":"Singh","date_of_birth":"31-JULY-1989"},{"id":273,"first_name":"Amit","middle_name":" ","last_name":"Singh","date_of_birth":"31-JULY-1989"},{"id":274,"first_name":"Amit","middle_name":" ","last_name":"Singh","date_of_birth":"31-JULY-1989"},{"id":275,"first_name":"Amit","middle_name":" ","last_name":"Singh","date_of_birth":"31-JULY-1989"},{"id":276,"first_name":"Amit","middle_name":" ","last_name":"Singh","date_of_birth":"31-JULY-1989"},{"id":277,"first_name":"QA Learner","middle_name":"API Test","last_name":"Learning","date_of_birth":"5/10/1999"},{"id":278,"first_name":"QA Learner","middle_name":"API Test","last_name":"Learning","date_of_birth":"5/10/1999"},{"id":279,"first_name":"Test Student","middle_name":"MName","last_name":"Automation","date_of_birth":"12/12/1985"},{"id":280,"first_name":"Test Student","middle_name":"MName","last_name":"Automation","date_of_birth":"12/12/1985"},{"id":281,"first_name":"Test Student","middle_name":"MName","last_name":"Automation","date_of_birth":"12/12/1985"},{"id":283,"first_name":"Testing","middle_name":"K","last_name":"World","date_of_birth":"12/12/1985"},{"id":284,"first_name":"Gunjan","middle_name":"word","last_name":"Kapoor","date_of_birth":"12/08/1985"},{"id":285,"first_name":"Gunjan","middle_name":"word","last_name":"Kapoor","date_of_birth":"12/08/1985"},{"id":286,"first_name":"Gunjan","middle_name":"word","last_name":"Kapoor","date_of_birth":"12/08/1985"},{"id":287,"first_name":"Gaurav","middle_name":"word","last_name":"Kapoor","date_of_birth":"01/14/1983"},{"id":289,"first_name":"Testing","middle_name":"A","last_name":"World","date_of_birth":"12/12/1999"},{"id":290,"first_name":"Testing","middle_name":"A","last_name":"World","date_of_birth":"12/12/1999"},{"id":291,"first_name":"Testing","middle_name":"A","last_name":"World","date_of_birth":"12/12/1999"},{"id":295,"first_name":"Redowane","middle_name":"Rtou","last_name":"TOUTAOUI","date_of_birth":"21/09/1990"},{"id":296,"first_name":"Redowane","middle_name":"Rtou","last_name":"TOUTAOUI","date_of_birth":"21/09/1990"},{"id":297,"first_name":"Redowane","middle_name":"Rtou","last_name":"TOUTAOUI","date_of_birth":"21/09/1990"},{"id":298,"first_name":"Redowane","middle_name":"Rtou","last_name":"TOUTAOUI","date_of_birth":"21/09/1990"},{"id":299,"first_name":"Mohamed","middle_name":"Soulaymane","last_name":"TOUTAOUI","date_of_birth":"23/01/2019"},{"id":300,"first_name":"Preston","middle_name":"Michael","last_name":"Brindle","date_of_birth":"12/12/1985"},{"id":302,"first_name":"Redowane","middle_name":"","last_name":"TOUTAOUI","date_of_birth":"21/09/1990"},{"id":303,"first_name":"Suvreen Kushwaha","middle_name":"Test 4001","last_name":"Singh","date_of_birth":"20th December 1991"},{"id":304,"first_name":"Olivia","middle_name":"Smith","last_name":"Chopra","date_of_birth":"6th Novemeber 2018"},{"id":305,"first_name":"John","middle_name":"K","last_name":"ABCD","date_of_birth":"12/12/1985"},{"id":306,"first_name":"John","middle_name":"K","last_name":"ABCD","date_of_birth":"12/12/1985"},{"id":307,"first_name":"John","middle_name":"K","last_name":"ABCD","date_of_birth":"12/12/1985"},{"id":308,"first_name":"sample string 2","middle_name":"sample string 3","last_name":"sample string 4","date_of_birth":"sample string 5"},{"id":310,"first_name":"Raul","middle_name":"sample string 3","last_name":"sample string 4","date_of_birth":"sample string 5"},{"id":311,"first_name":"Raul","middle_name":"{{Middle}}","last_name":"Quiroga","date_of_birth":"10 de Julio 1980"},{"id":312,"first_name":"Raul","middle_name":"Jose","last_name":"Quiroga","date_of_birth":"10 de Julio 1980"},{"id":313,"first_name":"Raul","middle_name":"Jose","last_name":"Quiroga","date_of_birth":"10 de Julio 1980"},{"id":314,"first_name":"Raul","middle_name":"Jose","last_name":"Quiroga","date_of_birth":"10 de Julio 1980"},{"id":315,"first_name":"Raul","middle_name":"Jose","last_name":"Quiroga","date_of_birth":"10 de Julio 1980"},{"id":316,"first_name":"Raul","middle_name":"Jose","last_name":"Quiroga","date_of_birth":"10 de Julio 1980"},{"id":317,"first_name":"Raul","middle_name":"Jose","last_name":"Quiroga","date_of_birth":"10 de Julio 1980"},{"id":318,"first_name":"Raul","middle_name":"Jose","last_name":"Quiroga","date_of_birth":"10 de Julio 1980"},{"id":319,"first_name":"Raul","middle_name":"Jose","last_name":"Quiroga","date_of_birth":"10 de Julio 1980"},{"id":320,"first_name":"Raul","middle_name":"Jose","last_name":"Quiroga","date_of_birth":"10 de Julio 1980"},{"id":321,"first_name":"Raul","middle_name":"Jose","last_name":"Quiroga","date_of_birth":"10 de Julio 1980"},{"id":322,"first_name":"Raul","middle_name":"Jose","last_name":"Quiroga","date_of_birth":"10 de Julio 1980"},{"id":323,"first_name":"Raul","middle_name":"Jose","last_name":"Quiroga","date_of_birth":"10 de Julio 1980"},{"id":324,"first_name":"Raul","middle_name":"Jose","last_name":"Quiroga","date_of_birth":"10 de Julio 1980"},{"id":325,"first_name":"Raul","middle_name":"Jose","last_name":"Quiroga","date_of_birth":"10 de Julio 1980"},{"id":326,"first_name":"Raul","middle_name":"Jose","last_name":"Quiroga","date_of_birth":"10 de Julio 1980"},{"id":327,"first_name":"Raul","middle_name":"Jose","last_name":"Quiroga","date_of_birth":"10 de Julio 1980"},{"id":328,"first_name":"Raul","middle_name":"Jose","last_name":"Quiroga","date_of_birth":"10 de Julio 1980"},{"id":329,"first_name":"Raul","middle_name":"Jose","last_name":"Quiroga","date_of_birth":"10 de Julio 1980"},{"id":330,"first_name":"Raul","middle_name":"Jose","last_name":"Quiroga","date_of_birth":"10 de Julio 1980"},{"id":331,"first_name":"Raul","middle_name":"Jose","last_name":"Quiroga","date_of_birth":"10 de Julio 1980"},{"id":332,"first_name":"Raul","middle_name":"Jose","last_name":"Quiroga","date_of_birth":"10 de Julio 1980"},{"id":333,"first_name":"Raul","middle_name":"Jose","last_name":"Quiroga","date_of_birth":"10 de Julio 1980"},{"id":334,"first_name":"Raul","middle_name":"Jose","last_name":"Quiroga","date_of_birth":"10 de Julio 1980"},{"id":335,"first_name":"Raul","middle_name":"Jose","last_name":"Quiroga","date_of_birth":"10 de Julio 1980"},{"id":336,"first_name":"Raul","middle_name":"Jose","last_name":"Quiroga","date_of_birth":"10 de Julio 1980"},{"id":337,"first_name":"Raul","middle_name":"Jose","last_name":"Quiroga","date_of_birth":"10 de Julio 1980"},{"id":338,"first_name":"Raul","middle_name":"Jose","last_name":"Quiroga","date_of_birth":"10 de Julio 1980"},{"id":339,"first_name":"Raul","middle_name":"Jose","last_name":"Quiroga","date_of_birth":"10 de Julio 1980"},{"id":340,"first_name":"Raul","middle_name":"Jose","last_name":"Quiroga","date_of_birth":"10 de Julio 1980"},{"id":341,"first_name":"Raul","middle_name":"Jose","last_name":"Quiroga","date_of_birth":"10 de Julio 1980"},{"id":342,"first_name":"Raul","middle_name":"Jose","last_name":"Quiroga","date_of_birth":"10 de Julio 1980"},{"id":343,"first_name":"Raul","middle_name":"Jose","last_name":"Quiroga","date_of_birth":"10 de Julio 1980"},{"id":344,"first_name":"Raul","middle_name":"Jose","last_name":"Quiroga","date_of_birth":"10 de Julio 1980"},{"id":345,"first_name":"Raul","middle_name":"Jose","last_name":"Quiroga","date_of_birth":"10 de Julio 1980"},{"id":346,"first_name":"Raul","middle_name":"Jose","last_name":"Quiroga","date_of_birth":"10 de Julio 1980"},{"id":357,"first_name":"Leo","middle_name":"Exequiel","last_name":"Espindola","date_of_birth":"12 de Julio de 1982"},{"id":358,"first_name":"Rocio","middle_name":"Sabrina","last_name":"Tisman","date_of_birth":"10 de Mayo de 1973"},{"id":359,"first_name":"Leo","middle_name":"Exequiel","last_name":"Espindola","date_of_birth":"12 de Julio de 1982"},{"id":360,"first_name":"Rocio","middle_name":"Sabrina","last_name":"Tisman","date_of_birth":"10 de Mayo de 1973"},{"id":361,"first_name":"Leo","middle_name":"Exequiel","last_name":"Espindola","date_of_birth":"12 de Julio de 1982"},{"id":362,"first_name":"Rocio","middle_name":"Sabrina","last_name":"Tisman","date_of_birth":"10 de Mayo de 1973"},{"id":364,"first_name":"{{First}}","middle_name":"{{Middle}}","last_name":"{{Last}}","date_of_birth":"{{Nacimiento}}"},{"id":365,"first_name":"Raul","middle_name":"Esteban","last_name":"Quiroga","date_of_birth":"15 de marzo de 1990"},{"id":366,"first_name":"Raul","middle_name":"Esteban","last_name":"Quiroga","date_of_birth":"1980-01-01"},{"id":370,"first_name":"Raul","middle_name":"Esteban","last_name":"Quiroga","date_of_birth":"1980-01-01"},{"id":372,"first_name":"{{First}}","middle_name":"{{Middle}}","last_name":"{{Last}}","date_of_birth":"1980-01-01"},{"id":374,"first_name":"Raul","middle_name":"Esteban","last_name":"Quiroga","date_of_birth":"1980-01-01"},{"id":382,"first_name":"Raul","middle_name":"Esteban","last_name":"Quiroga","date_of_birth":"1980-01-01"},{"id":384,"first_name":"Raul","middle_name":"Esteban","last_name":"Quiroga","date_of_birth":"1980-01-01"},{"id":385,"first_name":"Raul","middle_name":"Esteban","last_name":"Quiroga","date_of_birth":"1980-01-01"},{"id":387,"first_name":"Raul","middle_name":"Esteban","last_name":"Quiroga","date_of_birth":"1980-01-01"},{"id":389,"first_name":"Raul","middle_name":"Esteban","last_name":"Quiroga","date_of_birth":"1980-01-01"},{"id":391,"first_name":"Raul","middle_name":"Esteban","last_name":"Quiroga","date_of_birth":"1980-01-01"},{"id":392,"first_name":"Raul","middle_name":"Esteban","last_name":"Quiroga","date_of_birth":"1980-01-01"},{"id":393,"first_name":"Raul","middle_name":"Esteban","last_name":"Quiroga","date_of_birth":"1980-01-01"},{"id":394,"first_name":"Raul","middle_name":"Esteban","last_name":"Quiroga","date_of_birth":"1980-01-01"},{"id":395,"first_name":"Raul","middle_name":"Esteban","last_name":"Quiroga","date_of_birth":"1980-01-01"},{"id":396,"first_name":"Damian","middle_name":"Lucas","last_name":"Sequeira","date_of_birth":"12 de Abril 2321"},{"id":397,"first_name":"David","middle_name":"Fernando","last_name":"Laurax","date_of_birth":"12 de Julio de 2110"},{"id":398,"first_name":"Leandro","middle_name":"Ezequiel","last_name":"Albornoz","date_of_birth":"11 de Noviembre de 1232"},{"id":399,"first_name":"Raul","middle_name":"Esteban","last_name":"Quiroga","date_of_birth":"1980-01-01"},{"id":400,"first_name":"Damian","middle_name":"Lucas","last_name":"Sequeira","date_of_birth":"10-10-1980"},{"id":401,"first_name":"David","middle_name":"Fernando","last_name":"Barrios","date_of_birth":"10-02-1980"},{"id":402,"first_name":"Leo","middle_name":"Francisco","last_name":"Guerrero","date_of_birth":"10-10-1980"},{"id":403,"first_name":"Damian","middle_name":"Lucas","last_name":"Sequeira","date_of_birth":"12 de Abril 2321"},{"id":404,"first_name":"David","middle_name":"Fernando","last_name":"Laurax","date_of_birth":"12 de Julio de 2110"},{"id":405,"first_name":"Leandro","middle_name":"Ezequiel","last_name":"Albornoz","date_of_birth":"11 de Noviembre de 1232"},{"id":406,"first_name":"Damian","middle_name":"Lucas","last_name":"Sequeira","date_of_birth":"12 de Abril 2321"},{"id":407,"first_name":"David","middle_name":"Fernando","last_name":"Laurax","date_of_birth":"12 de Julio de 2110"},{"id":408,"first_name":"Leandro","middle_name":"Ezequiel","last_name":"Albornoz","date_of_birth":"11 de Noviembre de 1232"},{"id":409,"first_name":"Damian","middle_name":"Lucas","last_name":"Sequeira","date_of_birth":"10-10-1980"},{"id":410,"first_name":"David","middle_name":"Fernando","last_name":"Barrios","date_of_birth":"10-02-1980"},{"id":411,"first_name":"Leo","middle_name":"Francisco","last_name":"Guerrero","date_of_birth":"10-10-1980"},{"id":412,"first_name":"Damian","middle_name":"Lucas","last_name":"Sequeira","date_of_birth":"12 de Abril 2321"},{"id":413,"first_name":"David","middle_name":"Fernando","last_name":"Laurax","date_of_birth":"12 de Julio de 2110"},{"id":414,"first_name":"Leandro","middle_name":"Ezequiel","last_name":"Albornoz","date_of_birth":"11 de Noviembre de 1232"},{"id":415,"first_name":"Damian","middle_name":"Lucas","last_name":"Sequeira","date_of_birth":"10-10-1980"},{"id":416,"first_name":"David","middle_name":"Fernando","last_name":"Barrios","date_of_birth":"10-02-1980"},{"id":417,"first_name":"Leo","middle_name":"Francisco","last_name":"Guerrero","date_of_birth":"10-10-1980"},{"id":418,"first_name":"Damian","middle_name":"Lucas","last_name":"Sequeira","date_of_birth":"10-10-1980"},{"id":419,"first_name":"David","middle_name":"Fernando","last_name":"Barrios","date_of_birth":"10-02-1980"},{"id":420,"first_name":"Leo","middle_name":"Francisco","last_name":"Guerrero","date_of_birth":"10-10-1980"},{"id":421,"first_name":"Anbu","middle_name":"Azhagan","last_name":"M.Tech","date_of_birth":"23/02/2019"},{"id":422,"first_name":"sampddddddddddddle string 2","middle_name":"sample sdddddddddddtring 3","last_name":"sample ddddddddddddddddstring 4","date_of_birth":"sample string 5"},{"id":423,"first_name":"Raul","middle_name":"Esteban","last_name":"Quiroga","date_of_birth":"1980-07-11"},{"id":424,"first_name":"Leo","middle_name":"Exequiel","last_name":"Espindola","date_of_birth":"12 de Julio de 1982"},{"id":425,"first_name":"Rocio","middle_name":"Sabrina","last_name":"Tisman","date_of_birth":"10 de Mayo de 1973"},{"id":427,"first_name":"Raul","middle_name":"Jose","last_name":"Quiroga","date_of_birth":"10 de Julio 1980"},{"id":429,"first_name":"Joaquin","middle_name":"Enrique","last_name":"Quiroga","date_of_birth":"25 de Diciembre de 1945"},{"id":430,"first_name":"Joaquin","middle_name":"Enrique","last_name":"Quiroga","date_of_birth":"25 de Diciembre de 1945"},{"id":432,"first_name":"{{First}}","middle_name":"{{MIddle}}","last_name":"{{Last}}","date_of_birth":"{{Nacimiento}}"},{"id":433,"first_name":"{{First}}","middle_name":"{{MIddle}}","last_name":"{{Last}}","date_of_birth":"{{Nacimiento}}"},{"id":434,"first_name":"{{First}}","middle_name":"{{MIddle}}","last_name":"{{Last}}","date_of_birth":"{{Nacimiento}}"},{"id":435,"first_name":"{{First}}","middle_name":"{{MIddle}}","last_name":"{{Last}}","date_of_birth":"{{Nacimiento}}"},{"id":436,"first_name":"{{First}}","middle_name":"{{MIddle}}","last_name":"{{Last}}","date_of_birth":"{{Nacimiento}}"},{"id":437,"first_name":"{{First}}","middle_name":"{{MIddle}}","last_name":"{{Last}}","date_of_birth":"{{Nacimiento}}"},{"id":438,"first_name":"{{First}}","middle_name":"{{MIddle}}","last_name":"{{Last}}","date_of_birth":"{{Nacimiento}}"},{"id":439,"first_name":"{{First}}","middle_name":"{{MIddle}}","last_name":"{{Last}}","date_of_birth":"{{Nacimiento}}"},{"id":440,"first_name":"{{First}}","middle_name":"{{MIddle}}","last_name":"{{Last}}","date_of_birth":"{{Nacimiento}}"},{"id":441,"first_name":"{{First}}","middle_name":"{{MIddle}}","last_name":"{{Last}}","date_of_birth":"{{Nacimiento}}"},{"id":442,"first_name":"{{First}}","middle_name":"{{MIddle}}","last_name":"{{Last}}","date_of_birth":"{{Nacimiento}}"},{"id":443,"first_name":"{{First}}","middle_name":"{{MIddle}}","last_name":"{{Last}}","date_of_birth":"{{Nacimiento}}"},{"id":444,"first_name":"{{First}}","middle_name":"{{MIddle}}","last_name":"{{Last}}","date_of_birth":"{{Nacimiento}}"},{"id":445,"first_name":"Leo","middle_name":"Ape","last_name":"llido","date_of_birth":"cuca"},{"id":446,"first_name":"{{First}}","middle_name":"{{MIddle}}","last_name":"{{Last}}","date_of_birth":"{{Nacimiento}}"},{"id":447,"first_name":"{{First}}","middle_name":"{{MIddle}}","last_name":"{{Last}}","date_of_birth":"{{Nacimiento}}"},{"id":448,"first_name":"{{First}}","middle_name":"{{MIddle}}","last_name":"{{Last}}","date_of_birth":"{{Nacimiento}}"},{"id":449,"first_name":"{{First}}","middle_name":"{{MIddle}}","last_name":"{{Last}}","date_of_birth":"{{Nacimiento}}"},{"id":450,"first_name":"{{First}}","middle_name":"{{MIddle}}","last_name":"{{Last}}","date_of_birth":"{{Nacimiento}}"},{"id":451,"first_name":"{{First}}","middle_name":"{{MIddle}}","last_name":"{{Last}}","date_of_birth":"{{Nacimiento}}"},{"id":452,"first_name":"{{First}}","middle_name":"{{MIddle}}","last_name":"{{Last}}","date_of_birth":"{{Nacimiento}}"},{"id":453,"first_name":"{{First}}","middle_name":"{{MIddle}}","last_name":"{{Last}}","date_of_birth":"{{Nacimiento}}"},{"id":454,"first_name":"{{First}}","middle_name":"{{MIddle}}","last_name":"{{Last}}","date_of_birth":"{{Nacimiento}}"},{"id":455,"first_name":"{{First}}","middle_name":"{{MIddle}}","last_name":"{{Last}}","date_of_birth":"{{Nacimiento}}"},{"id":456,"first_name":"First","middle_name":"{{MIddle}}","last_name":"{{Last}}","date_of_birth":"{{Nacimiento}}"},{"id":457,"first_name":"Joaquin","middle_name":"{{MIddle}}","last_name":"{{Last}}","date_of_birth":"{{Nacimiento}}"},{"id":458,"first_name":"Joaquin","middle_name":"Enrique","last_name":"Quiroga","date_of_birth":"25 de Diciembre de 1945"},{"id":459,"first_name":"Joaquin","middle_name":"Enrique","last_name":"Quiroga","date_of_birth":"25 de Diciembre de 1945"},{"id":460,"first_name":"Joaquin","middle_name":"Enrique","last_name":"Quiroga","date_of_birth":"25 de Diciembre de 1945"},{"id":479,"first_name":"Joaquin","middle_name":"Enrique","last_name":"Quiroga","date_of_birth":"25 de Diciembre de 1945"},{"id":482,"first_name":"Joaquin","middle_name":"Enrique","last_name":"Quiroga","date_of_birth":"25 de Diciembre de 1945"},{"id":483,"first_name":"Joaquin","middle_name":"Enrique","last_name":"Quiroga","date_of_birth":"25 de Diciembre de 1945"},{"id":490,"first_name":"Joaquin","middle_name":"Enrique","last_name":"Quiroga","date_of_birth":"25 de Diciembre de 1945"},{"id":492,"first_name":"Joaquin","middle_name":"Enrique","last_name":"Quiroga","date_of_birth":"25 de Diciembre de 1945"},{"id":493,"first_name":"Joaquin","middle_name":"Enrique","last_name":"Quiroga","date_of_birth":"25 de Diciembre de 1945"},{"id":494,"first_name":"Joaquin","middle_name":"Enrique","last_name":"Quiroga","date_of_birth":"25 de Diciembre de 1945"},{"id":495,"first_name":"Joaquin","middle_name":"Enrique","last_name":"Quiroga","date_of_birth":"25 de Diciembre de 1945"},{"id":504,"first_name":"Joaquin","middle_name":"Enrique","last_name":"Quiroga","date_of_birth":"25 de Diciembre de 1945"},{"id":505,"first_name":"Joaquin","middle_name":"Enrique","last_name":"Quiroga","date_of_birth":"25 de Diciembre de 1945"},{"id":506,"first_name":"Joaquin","middle_name":"Enrique","last_name":"Quiroga","date_of_birth":"25 de Diciembre de 1945"},{"id":507,"first_name":"Joaquin","middle_name":"Enrique","last_name":"Quiroga","date_of_birth":"25 de Diciembre de 1945"},{"id":508,"first_name":"Joaquin","middle_name":"Enrique","last_name":"Quiroga","date_of_birth":"25 de Diciembre de 1945"},{"id":509,"first_name":"Joaquin","middle_name":"Enrique","last_name":"Quiroga","date_of_birth":"25 de Diciembre de 1945"},{"id":510,"first_name":"Joaquin","middle_name":"Enrique","last_name":"Quiroga","date_of_birth":"25 de Diciembre de 1945"},{"id":511,"first_name":"Joaquin","middle_name":"Enrique","last_name":"Quiroga","date_of_birth":"25 de Diciembre de 1945"},{"id":512,"first_name":"Joaquin","middle_name":"Enrique","last_name":"Quiroga","date_of_birth":"25 de Diciembre de 1945"},{"id":513,"first_name":"Joaquin","middle_name":"Enrique","last_name":"Quiroga","date_of_birth":"25 de Diciembre de 1945"},{"id":514,"first_name":"Joaquin","middle_name":"Enrique","last_name":"Quiroga","date_of_birth":"25 de Diciembre de 1945"},{"id":515,"first_name":"Joaquin","middle_name":"Enrique","last_name":"Quiroga","date_of_birth":"25 de Diciembre de 1945"},{"id":516,"first_name":"Joaquin","middle_name":"Enrique","last_name":"Quiroga","date_of_birth":"25 de Diciembre de 1945"},{"id":517,"first_name":"Joaquin","middle_name":"Enrique","last_name":"Quiroga","date_of_birth":"25 de Diciembre de 1945"},{"id":518,"first_name":"Joaquin","middle_name":"Enrique","last_name":"Quiroga","date_of_birth":"25 de Diciembre de 1945"},{"id":519,"first_name":"Joaquin","middle_name":"Enrique","last_name":"Quiroga","date_of_birth":"25 de Diciembre de 1945"},{"id":520,"first_name":"Joaquin","middle_name":"Enrique","last_name":"Quiroga","date_of_birth":"25 de Diciembre de 1945"},{"id":521,"first_name":"Joaquin","middle_name":"Enrique","last_name":"Quiroga","date_of_birth":"25 de Diciembre de 1945"},{"id":522,"first_name":"Joaquin","middle_name":"Enrique","last_name":"Quiroga","date_of_birth":"25 de Diciembre de 1945"},{"id":523,"first_name":"testing","middle_name":"updated data","last_name":"sample string 4","date_of_birth":"sample string 5"},{"id":526,"first_name":"Akash","middle_name":"Kumar","last_name":"Dubey","date_of_birth":"22/12/1988"},{"id":527,"first_name":"Abhishek","middle_name":"Kumar","last_name":"Sharma","date_of_birth":"22/10/1983"},{"id":529,"first_name":"Neo","middle_name":"Stuart","last_name":"Jr.","date_of_birth":"02/11/2000"},{"id":530,"first_name":"Neo","middle_name":"Stuart","last_name":"Jr.","date_of_birth":"02/11/2000"},{"id":532,"first_name":"James","middle_name":"Stuart","last_name":"Jr.","date_of_birth":"02/11/1988"},{"id":533,"first_name":"{{First}}","middle_name":"{{MIddle}}","last_name":"{{Last}}","date_of_birth":"{{Nacimiento}}"},{"id":534,"first_name":"{{First}}","middle_name":"{{MIddle}}","last_name":"{{Last}}","date_of_birth":"{{Nacimiento}}"},{"id":535,"first_name":"Joaquin","middle_name":"Enrique","last_name":"Quiroga","date_of_birth":"25 de Diciembre de 1945"},{"id":536,"first_name":"Joaquin","middle_name":"Enrique","last_name":"Quiroga","date_of_birth":"25 de Diciembre de 1945"},{"id":537,"first_name":"Ash first_name","middle_name":"Singh middle_name","last_name":"Khush last_name","date_of_birth":"100518"},{"id":538,"first_name":"Ash first_name","middle_name":"Singh middle_name","last_name":"Khush last_name","date_of_birth":"100518"},{"id":539,"first_name":"Ash first_name","middle_name":"Singh middle_name","last_name":"Khush last_name","date_of_birth":"100518"},{"id":540,"first_name":"Ash first_name","middle_name":"Singh middle_name","last_name":"Khush last_name","date_of_birth":"100518"},{"id":541,"first_name":"Ash first_name","middle_name":"Singh middle_name","last_name":"Khush last_name","date_of_birth":"100518"},{"id":542,"first_name":"Ash first_name","middle_name":"Singh middle_name","last_name":"Khush last_name","date_of_birth":"100518"},{"id":545,"first_name":"Leo","middle_name":"Exequiel","last_name":"Espindola","date_of_birth":"12 de Julio de 1982"},{"id":546,"first_name":"Joaquin","middle_name":"Enrique","last_name":"Quiroga","date_of_birth":"25 de Diciembre de 1945"},{"id":548,"first_name":"Joaquin","middle_name":"Enrique","last_name":"Quiroga","date_of_birth":"25 de Diciembre de 1945"},{"id":550,"first_name":"Leo","middle_name":"Exequiel","last_name":"Espindola","date_of_birth":"12 de Julio de 1982"},{"id":551,"first_name":"Joaquin","middle_name":"Enrique","last_name":"Quiroga","date_of_birth":"25 de Diciembre de 1945"},{"id":552,"first_name":"Joaquin","middle_name":"Enrique","last_name":"Quiroga","date_of_birth":"25 de Diciembre de 1945"},{"id":553,"first_name":"Damian","middle_name":"Lucas","last_name":"Sequeira","date_of_birth":"12 de Abril 2321"},{"id":554,"first_name":"David","middle_name":"Fernando","last_name":"Laurax","date_of_birth":"12 de Julio de 2110"},{"id":555,"first_name":"Leandro","middle_name":"Ezequiel","last_name":"Albornoz","date_of_birth":"11 de Noviembre de 1232"},{"id":556,"first_name":"Joaquin","middle_name":"Enrique","last_name":"Quiroga","date_of_birth":"25 de Diciembre de 1945"},{"id":557,"first_name":"Leo","middle_name":"Exequiel","last_name":"Espindola","date_of_birth":"12 de Julio de 1982"},{"id":558,"first_name":"Rocio","middle_name":"Sabrina","last_name":"Tisman","date_of_birth":"10 de Mayo de 1973"},{"id":559,"first_name":"Joaquin","middle_name":"Enrique","last_name":"Quiroga","date_of_birth":"25 de Diciembre de 1945"},{"id":560,"first_name":"Leo","middle_name":"Exequiel","last_name":"Espindola","date_of_birth":"12 de Julio de 1982"},{"id":561,"first_name":"Damian","middle_name":"Lucas","last_name":"Sequeira","date_of_birth":"12 de Abril 2321"},{"id":562,"first_name":"David","middle_name":"Fernando","last_name":"Laurax","date_of_birth":"12 de Julio de 2110"},{"id":563,"first_name":"Leandro","middle_name":"Ezequiel","last_name":"Albornoz","date_of_birth":"11 de Noviembre de 1232"},{"id":565,"first_name":"Damian","middle_name":"Lucas","last_name":"Sequeira","date_of_birth":"12 de Abril 2321"},{"id":566,"first_name":"David","middle_name":"Fernando","last_name":"Laurax","date_of_birth":"12 de Julio de 2110"},{"id":567,"first_name":"Leandro","middle_name":"Ezequiel","last_name":"Albornoz","date_of_birth":"11 de Noviembre de 1232"},{"id":569,"first_name":"Damian","middle_name":"Lucas","last_name":"Sequeira","date_of_birth":"12 de Abril 2321"},{"id":570,"first_name":"Damian","middle_name":"Lucas","last_name":"Sequeira","date_of_birth":"12 de Abril 2321"},{"id":571,"first_name":"David","middle_name":"Fernando","last_name":"Laurax","date_of_birth":"12 de Julio de 2110"},{"id":572,"first_name":"Damian","middle_name":"Lucas","last_name":"Sequeira","date_of_birth":"12 de Abril 2321"},{"id":573,"first_name":"David","middle_name":"Fernando","last_name":"Laurax","date_of_birth":"12 de Julio de 2110"},{"id":576,"first_name":"Damian","middle_name":"Lucas","last_name":"Sequeira","date_of_birth":"12 de Abril 2321"},{"id":577,"first_name":"David","middle_name":"Fernando","last_name":"Laurax","date_of_birth":"12 de Julio de 2110"},{"id":580,"first_name":"Damian","middle_name":"Lucas","last_name":"Sequeira","date_of_birth":"12 de Abril 2321"},{"id":581,"first_name":"David","middle_name":"Fernando","last_name":"Laurax","date_of_birth":"12 de Julio de 2110"},{"id":582,"first_name":"Raul","middle_name":"Esteban","last_name":"Quiroga","date_of_birth":"14 de Agosto de 1978"},{"id":583,"first_name":"Damian","middle_name":"Lucas","last_name":"Sequeira","date_of_birth":"12 de Abril 2321"},{"id":584,"first_name":"Damian","middle_name":"Lucas","last_name":"Sequeira","date_of_birth":"12 de Abril 2321"},{"id":586,"first_name":"Damian","middle_name":"Lucas","last_name":"Sequeira","date_of_birth":"12 de Abril 2321"},{"id":587,"first_name":"David","middle_name":"Fernando","last_name":"Laurax","date_of_birth":"12 de Julio de 2110"},{"id":588,"first_name":"Leandro","middle_name":"Ezequiel","last_name":"Albornoz","date_of_birth":"11 de Noviembre de 1232"},{"id":592,"first_name":"Damian","middle_name":"Lucas","last_name":"Sequeira","date_of_birth":"12 de Abril 2321"},{"id":593,"first_name":"David","middle_name":"Fernando","last_name":"Laurax","date_of_birth":"12 de Julio de 2110"},{"id":594,"first_name":"Leandro","middle_name":"Ezequiel","last_name":"Albornoz","date_of_birth":"11 de Noviembre de 1232"},{"id":595,"first_name":"Damian","middle_name":"Lucas","last_name":"Sequeira","date_of_birth":"12 de Abril 2321"},{"id":596,"first_name":"David","middle_name":"Fernando","last_name":"Laurax","date_of_birth":"12 de Julio de 2110"},{"id":597,"first_name":"Raul","middle_name":"Esteban","last_name":"Quiroga","date_of_birth":"01 de Enero de 1902"},{"id":598,"first_name":"Damian","middle_name":"Lucas","last_name":"Sequeira","date_of_birth":"12 de Abril 2321"},{"id":600,"first_name":"Damian","middle_name":"Lucas","last_name":"Sequeira","date_of_birth":"12 de Abril 2321"},{"id":601,"first_name":"Damian","middle_name":"Lucas","last_name":"Sequeira","date_of_birth":"12 de Abril 2321"},{"id":602,"first_name":"Damian","middle_name":"Lucas","last_name":"Sequeira","date_of_birth":"12 de Abril 2321"},{"id":603,"first_name":"Damian","middle_name":"Lucas","last_name":"Sequeira","date_of_birth":"12 de Abril 2321"},{"id":604,"first_name":"Damian","middle_name":"Lucas","last_name":"Sequeira","date_of_birth":"12 de Abril 2321"},{"id":605,"first_name":"Damian","middle_name":"Lucas","last_name":"Sequeira","date_of_birth":"12 de Abril 2321"},{"id":606,"first_name":"David","middle_name":"Fernando","last_name":"Laurax","date_of_birth":"12 de Julio de 2110"},{"id":607,"first_name":"Leandro","middle_name":"Ezequiel","last_name":"Albornoz","date_of_birth":"11 de Noviembre de 1232"},{"id":608,"first_name":"Damian","middle_name":"Lucas","last_name":"Sequeira","date_of_birth":"12 de Abril 2321"},{"id":609,"first_name":"David","middle_name":"Fernando","last_name":"Laurax","date_of_birth":"12 de Julio de 2110"},{"id":610,"first_name":"Leandro","middle_name":"Ezequiel","last_name":"Albornoz","date_of_birth":"11 de Noviembre de 1232"},{"id":611,"first_name":"Damian","middle_name":"Lucas","last_name":"Sequeira","date_of_birth":"12 de Abril 2321"},{"id":612,"first_name":"David","middle_name":"Fernando","last_name":"Laurax","date_of_birth":"12 de Julio de 2110"},{"id":613,"first_name":"Leandro","middle_name":"Ezequiel","last_name":"Albornoz","date_of_birth":"11 de Noviembre de 1232"},{"id":614,"first_name":"Damian","middle_name":"Lucas","last_name":"Sequeira","date_of_birth":"12 de Abril 2321"},{"id":615,"first_name":"David","middle_name":"Fernando","last_name":"Laurax","date_of_birth":"12 de Julio de 2110"},{"id":616,"first_name":"Leandro","middle_name":"Ezequiel","last_name":"Albornoz","date_of_birth":"11 de Noviembre de 1232"},{"id":617,"first_name":"Damian","middle_name":"Lucas","last_name":"Sequeira","date_of_birth":"12 de Abril 2321"},{"id":618,"first_name":"David","middle_name":"Fernando","last_name":"Laurax","date_of_birth":"12 de Julio de 2110"},{"id":619,"first_name":"Leandro","middle_name":"Ezequiel","last_name":"Albornoz","date_of_birth":"11 de Noviembre de 1232"},{"id":620,"first_name":"Raul","middle_name":"Jose","last_name":"Quiroga","date_of_birth":"10 de Julio 1980"},{"id":621,"first_name":"{{First}}","middle_name":"{{MIddle}}","last_name":"{{Last}}","date_of_birth":"{{Nacimiento}}"},{"id":622,"first_name":"Joaquin","middle_name":"Enrique","last_name":"Quiroga","date_of_birth":"25 de Diciembre de 1945"},{"id":623,"first_name":"Joaquin","middle_name":"Enrique","last_name":"Quiroga","date_of_birth":"25 de Diciembre de 1945"},{"id":624,"first_name":"Damian","middle_name":"Lucas","last_name":"Sequeira","date_of_birth":"12 de Abril 2321"},{"id":625,"first_name":"David","middle_name":"Fernando","last_name":"Laurax","date_of_birth":"12 de Julio de 2110"},{"id":626,"first_name":"Leandro","middle_name":"Ezequiel","last_name":"Albornoz","date_of_birth":"11 de Noviembre de 1232"},{"id":627,"first_name":"Damian","middle_name":"Lucas","last_name":"Sequeira","date_of_birth":"12 de Abril 2321"},{"id":628,"first_name":"David","middle_name":"Fernando","last_name":"Laurax","date_of_birth":"12 de Julio de 2110"},{"id":629,"first_name":"Leandro","middle_name":"Ezequiel","last_name":"Albornoz","date_of_birth":"11 de Noviembre de 1232"},{"id":630,"first_name":"Damian","middle_name":"Lucas","last_name":"Sequeira","date_of_birth":"12 de Abril 2321"},{"id":631,"first_name":"David","middle_name":"Fernando","last_name":"Laurax","date_of_birth":"12 de Julio de 2110"},{"id":632,"first_name":"Leandro","middle_name":"Ezequiel","last_name":"Albornoz","date_of_birth":"11 de Noviembre de 1232"},{"id":633,"first_name":"Damian","middle_name":"Lucas","last_name":"Sequeira","date_of_birth":"12 de Abril 2321"},{"id":634,"first_name":"David","middle_name":"Fernando","last_name":"Laurax","date_of_birth":"12 de Julio de 2110"},{"id":635,"first_name":"Leandro","middle_name":"Ezequiel","last_name":"Albornoz","date_of_birth":"11 de Noviembre de 1232"},{"id":639,"first_name":"Damian","middle_name":"Lucas","last_name":"Sequeira","date_of_birth":"12 de Abril 2321"},{"id":640,"first_name":"David","middle_name":"Fernando","last_name":"Laurax","date_of_birth":"12 de Julio de 2110"},{"id":641,"first_name":"Leandro","middle_name":"Ezequiel","last_name":"Albornoz","date_of_birth":"11 de Noviembre de 1232"},{"id":642,"first_name":"Damian","middle_name":"Lucas","last_name":"Sequeira","date_of_birth":"12 de Abril 2321"},{"id":643,"first_name":"David","middle_name":"Fernando","last_name":"Laurax","date_of_birth":"12 de Julio de 2110"},{"id":644,"first_name":"Leandro","middle_name":"Ezequiel","last_name":"Albornoz","date_of_birth":"11 de Noviembre de 1232"},{"id":645,"first_name":"Damian","middle_name":"Lucas","last_name":"Sequeira","date_of_birth":"12 de Abril 2321"},{"id":646,"first_name":"Damian","middle_name":"Lucas","last_name":"Sequeira","date_of_birth":"12 de Abril 2321"},{"id":647,"first_name":"David","middle_name":"Fernando","last_name":"Laurax","date_of_birth":"12 de Julio de 2110"},{"id":648,"first_name":"Leandro","middle_name":"Ezequiel","last_name":"Albornoz","date_of_birth":"11 de Noviembre de 1232"},{"id":649,"first_name":"Damian","middle_name":"Lucas","last_name":"Sequeira","date_of_birth":"12 de Abril 2321"},{"id":650,"first_name":"Leandro","middle_name":"Ezequiel","last_name":"Albornoz","date_of_birth":"11 de Noviembre de 1232"},{"id":653,"first_name":"Leandro","middle_name":"Ezequiel","last_name":"Albornoz","date_of_birth":"11 de Noviembre de 1232"},{"id":654,"first_name":"Damian","middle_name":" Lucas","last_name":" Sequeira","date_of_birth":" 12 de Abril 2321"},{"id":655,"first_name":"Leandro","middle_name":" Ezequiel","last_name":" Albornoz","date_of_birth":" 11 de Noviembre de 1232"},{"id":656,"first_name":"sample string 2","middle_name":"sample string 3","last_name":"sample string 4","date_of_birth":"sample string 5"},{"id":657,"first_name":"Tefe updated","middle_name":"asd updated","last_name":"qwe Updated","date_of_birth":"01/02/1980"},{"id":659,"first_name":"My","middle_name":"SOAP UI","last_name":"Project","date_of_birth":"01/01/2018"},{"id":662,"first_name":"My","middle_name":"SOAP UI","last_name":"Project","date_of_birth":"01/01/2018"},{"id":663,"first_name":"Sirea","middle_name":"Sirea","last_name":"S ","date_of_birth":"sample string 5"},{"id":664,"first_name":"Sirea","middle_name":"aaaa","last_name":"aaaa ","date_of_birth":"sample string 5"},{"id":665,"first_name":"sample string 2","middle_name":"sample string 3","last_name":"sample string 4","date_of_birth":"sample string 5"},{"id":666,"first_name":"My","middle_name":"SOAP UI","last_name":"Project","date_of_birth":"01/01/2018"},{"id":667,"first_name":"s/g 2","middle_name":"s/g 3","last_name":"sa/g 4","date_of_birth":"samp/ing 5"},{"id":669,"first_name":"nnnnnna","middle_name":"aaaa","last_name":"aaaa ","date_of_birth":"sample string 5"},{"id":670,"first_name":"My","middle_name":"fsdgsd","last_name":"asdfasdf","date_of_birth":"sample string 5"},{"id":671,"first_name":"My","middle_name":"fsdgsd","last_name":"asdfasdf","date_of_birth":"sample string 5"},{"id":672,"first_name":"My","middle_name":"SOAP UI","last_name":"Project","date_of_birth":"01/01/2018"},{"id":673,"first_name":"My","middle_name":"fsdgsd","last_name":"asdfasdf","date_of_birth":"sample string 5"},{"id":674,"first_name":"Testing","middle_name":"world","last_name":"testingworld","date_of_birth":"23-11"},{"id":677,"first_name":"priya","middle_name":"rudrappa","last_name":"biradar","date_of_birth":"sample string 5"},{"id":678,"first_name":"priya","middle_name":"biradar","last_name":"testingworld","date_of_birth":"23/11/2018"},{"id":680,"first_name":"sample string 2","middle_name":"sample string 3","last_name":"sample string 4","date_of_birth":"sample string 5"},{"id":681,"first_name":"sasfdasfsfg 2","middle_name":"aaaaaa 3","last_name":"bbbbbb4","date_of_birth":"sample string 5"},{"id":682,"first_name":"SOAPUI","middle_name":"SOAPUI","last_name":"sample string 4","date_of_birth":"01/01/1954"},{"id":683,"first_name":"SOAPUI","middle_name":"SOAPUI","last_name":"sample string 4","date_of_birth":"01/01/1954"},{"id":684,"first_name":"SOAPUI","middle_name":"SOAPUI","last_name":"sample string 4","date_of_birth":"01/01/1954"},{"id":685,"first_name":"SOAPUI","middle_name":"SOAPUI","last_name":"sample string 4","date_of_birth":"01/01/1954"},{"id":686,"first_name":"SOAPUI","middle_name":"SOAPUI","last_name":"sample string 4","date_of_birth":"01/01/1954"},{"id":687,"first_name":"sasfdasfsfg 2","middle_name":"aaaaaa 3","last_name":"bbbbbb4","date_of_birth":"sample string 5"},{"id":688,"first_name":"SOAPUI","middle_name":"SOAPUI","last_name":"sample string 4","date_of_birth":"01/01/1954"},{"id":689,"first_name":"SOAPUI","middle_name":"SOAPUI","last_name":"sample string 4","date_of_birth":"01/01/1954"},{"id":690,"first_name":"SOAPUI","middle_name":"SOAPUI","last_name":"sample string 4","date_of_birth":"01/01/1954"},{"id":691,"first_name":"SOAPUI","middle_name":"SOAPUI","last_name":"sample string 4","date_of_birth":"01/01/1954"},{"id":692,"first_name":"SOAPUI","middle_name":"SOAPUI","last_name":"sample string 4","date_of_birth":"01/01/1954"},{"id":693,"first_name":"SOAPUI","middle_name":"SOAPUI","last_name":"sample string 4","date_of_birth":"01/01/1954"},{"id":694,"first_name":"SOAPUI","middle_name":"SOAPUI","last_name":"sample string 4","date_of_birth":"01/01/1954"},{"id":695,"first_name":"SOAPUI","middle_name":"SOAPUI","last_name":"sample string 4","date_of_birth":"01/01/1954"},{"id":696,"first_name":"SOAPUI","middle_name":"SOAPUI","last_name":"sample string 4","date_of_birth":"01/01/1954"},{"id":697,"first_name":"SOAPUI","middle_name":"SOAPUI","last_name":"sample string 4","date_of_birth":"01/01/1954"},{"id":698,"first_name":"SOAPUI","middle_name":"SOAPUI","last_name":"sample string 4","date_of_birth":"01/01/1954"},{"id":699,"first_name":"SOAPUI","middle_name":"SOAPUI","last_name":"sample string 4","date_of_birth":"01/01/1954"},{"id":700,"first_name":"SOAPUI","middle_name":"SOAPUI","last_name":"sample string 4","date_of_birth":"01/01/1954"},{"id":701,"first_name":"SOAPUI","middle_name":"SOAPUI","last_name":"sample string 4","date_of_birth":"01/01/1954"},{"id":702,"first_name":"SOAPUI","middle_name":"SOAPUI","last_name":"sample string 4","date_of_birth":"01/01/1954"},{"id":706,"first_name":"{{f_name}}","middle_name":"{{m_name}}","last_name":"{{l_name}}","date_of_birth":"{{birth}}"},{"id":708,"first_name":"SOAPUI","middle_name":"SOAPUI","last_name":"sample string 4","date_of_birth":"01/01/1954"},{"id":709,"first_name":"SOAPUI","middle_name":"SOAPUI","last_name":"sample string 4","date_of_birth":"01/01/1954"},{"id":725,"first_name":"Mudasir","middle_name":"Yaqoob","last_name":"Yaqoob","date_of_birth":"1996"},{"id":727,"first_name":"Theodore","middle_name":"Noneya","last_name":"Business","date_of_birth":"11/4/2018"},{"id":744,"first_name":"Maria","middle_name":"Carmen","last_name":"Lopez","date_of_birth":"12 de enero de 2001"},{"id":745,"first_name":"Jose","middle_name":"Julio","last_name":"Gomez","date_of_birth":"11 de abril 1998"},{"id":746,"first_name":"Oscar","middle_name":"Luis","last_name":"Romero","date_of_birth":"23 de agosto de 1990"},{"id":747,"first_name":"Maria","middle_name":"Carmen","last_name":"Lopez","date_of_birth":"12 de enero de 2001"},{"id":748,"first_name":"Jose","middle_name":"Julio","last_name":"Gomez","date_of_birth":"11 de abril 1998"},{"id":749,"first_name":"Oscar","middle_name":"Luis","last_name":"Romero","date_of_birth":"23 de agosto de 1990"},{"id":750,"first_name":"Maria","middle_name":"Carmen","last_name":"Lopez","date_of_birth":"12 de enero de 2001"},{"id":751,"first_name":"Jose","middle_name":"Julio","last_name":"Gomez","date_of_birth":"11 de abril 1998"},{"id":752,"first_name":"Oscar","middle_name":"Luis","last_name":"Romero","date_of_birth":"23 de agosto de 1990"},{"id":753,"first_name":"priy","middle_name":"R","last_name":"b","date_of_birth":"23"},{"id":754,"first_name":"Maria","middle_name":"Carmen","last_name":"Lopez","date_of_birth":"12 de enero de 2001"},{"id":755,"first_name":"Jose","middle_name":"Julio","last_name":"Gomez","date_of_birth":"11 de abril 1998"},{"id":756,"first_name":"Oscar","middle_name":"Luis","last_name":"Romero","date_of_birth":"23 de agosto de 1990"},{"id":757,"first_name":"Maria","middle_name":"Carmen","last_name":"Lopez","date_of_birth":"12 de enero de 2001"},{"id":758,"first_name":"Jose","middle_name":"Julio","last_name":"Gomez","date_of_birth":"11 de abril 1998"},{"id":759,"first_name":"Oscar","middle_name":"Luis","last_name":"Romero","date_of_birth":"23 de agosto de 1990"},{"id":760,"first_name":"Maria","middle_name":"Carmen","last_name":"Lopez","date_of_birth":"12 de enero de 2001"},{"id":761,"first_name":"Jose","middle_name":"Julio","last_name":"Gomez","date_of_birth":"11 de abril 1998"},{"id":762,"first_name":"Oscar","middle_name":"Luis","last_name":"Romero","date_of_birth":"23 de agosto de 1990"},{"id":763,"first_name":"Vlada","middle_name":"Testing","last_name":"Radan","date_of_birth":"25.06.1979"},{"id":764,"first_name":"Mudasir","middle_name":"Yaqoob","last_name":"Yaqoob","date_of_birth":"1996"},{"id":765,"first_name":"Belen","middle_name":"Maria","last_name":"Quiroga","date_of_birth":"14 de noviembre de 1985"},{"id":766,"first_name":"Theodore","middle_name":"Noneya","last_name":"Business","date_of_birth":"11/4/2018"},{"id":767,"first_name":"Theodore","middle_name":"Noneya","last_name":"Business","date_of_birth":"11/4/2018"},{"id":768,"first_name":"Theodore","middle_name":"Noneya","last_name":"Business","date_of_birth":"11/4/2018"},{"id":769,"first_name":"Theodore","middle_name":"Noneya","last_name":"Business","date_of_birth":"11/4/2018"},{"id":770,"first_name":"Theodore","middle_name":"Noneya","last_name":"Business","date_of_birth":"11/4/2018"},{"id":771,"first_name":"Theodore","middle_name":"Noneya","last_name":"Business","date_of_birth":"11/4/2018"},{"id":772,"first_name":"Theodore","middle_name":"Noneya","last_name":"Business","date_of_birth":"11/4/2018"},{"id":773,"first_name":"Theodore","middle_name":"Noneya","last_name":"Business","date_of_birth":"11/4/2018"},{"id":774,"first_name":"Theodore","middle_name":"Noneya","last_name":"Business","date_of_birth":"11/4/2018"},{"id":775,"first_name":"Theodore","middle_name":"Noneya","last_name":"Business","date_of_birth":"11/4/2018"},{"id":776,"first_name":"Theodore","middle_name":"Noneya","last_name":"Business","date_of_birth":"11/4/2018"},{"id":777,"first_name":"Theodore","middle_name":"Noneya","last_name":"Business","date_of_birth":"11/4/2018"},{"id":778,"first_name":"Theodore","middle_name":"Noneya","last_name":"Business","date_of_birth":"11/4/2018"},{"id":779,"first_name":"priya","middle_name":"r","last_name":"b","date_of_birth":"23"},{"id":780,"first_name":"sample string 2","middle_name":"sample string 3","last_name":"sample string 4","date_of_birth":"sample string 5"},{"id":781,"first_name":"sample string 2","middle_name":"sample string 3","last_name":"sample string 4","date_of_birth":"sample string 5"},{"id":782,"first_name":"sample string 2","middle_name":"sample string 3","last_name":"sample string 4","date_of_birth":"sample string 5"},{"id":783,"first_name":"sample string 2","middle_name":"sample string 3","last_name":"sample string 4","date_of_birth":"sample string 5"},{"id":784,"first_name":"sample string 2","middle_name":"sample string 3","last_name":"sample string 4","date_of_birth":"sample string 5"},{"id":785,"first_name":"sample string 2","middle_name":"sample string 3","last_name":"sample string 4","date_of_birth":"sample string 5"},{"id":786,"first_name":"sample string 2","middle_name":"sample string 3","last_name":"sample string 4","date_of_birth":"sample string 5"},{"id":787,"first_name":"sample string 2","middle_name":"sample string 3","last_name":"sample string 4","date_of_birth":"sample string 5"},{"id":788,"first_name":"sample string 2","middle_name":"sample string 3","last_name":"sample string 4","date_of_birth":"sample string 5"},{"id":789,"first_name":"sample string 2","middle_name":"sample string 3","last_name":"sample string 4","date_of_birth":"sample string 5"},{"id":790,"first_name":"sample string 2","middle_name":"sample string 3","last_name":"sample string 4","date_of_birth":"sample string 5"},{"id":791,"first_name":"sample string 2","middle_name":"sample string 3","last_name":"sample string 4","date_of_birth":"sample string 5"},{"id":792,"first_name":"James","middle_name":"Carton","last_name":"Mandley","date_of_birth":"12/22/1988"},{"id":793,"first_name":"Akash","middle_name":"Kumar","last_name":"Dubey","date_of_birth":"22/02/1988"},{"id":794,"first_name":"James","middle_name":"K","last_name":"Johanson","date_of_birth":"12/12/1988"},{"id":795,"first_name":"sample string 2","middle_name":"sample string 3","last_name":"sample string 4","date_of_birth":"sample string 5"},{"id":796,"first_name":"Scott","middle_name":"Heath","last_name":"Pendlebury","date_of_birth":"22-Oct-2018"},{"id":809,"first_name":"abc","middle_name":"def","last_name":"xyz","date_of_birth":"12/12/1990"},{"id":810,"first_name":"abc","middle_name":"def","last_name":"xyz","date_of_birth":"12/12/1990"},{"id":811,"first_name":"abc","middle_name":"def","last_name":"xyzq","date_of_birth":"12/12/1990"},{"id":812,"first_name":"Danish","middle_name":"NA","last_name":"Akhtar","date_of_birth":"14/05/1987"},{"id":813,"first_name":"Danish","middle_name":"NA","last_name":"Akhtar","date_of_birth":"14/05/1987"},{"id":814,"first_name":"Danish","middle_name":"NA","last_name":"Akhtar","date_of_birth":"14/05/1987"},{"id":815,"first_name":"Danish","middle_name":"NA","last_name":"Akhtar","date_of_birth":"14/05/1987"},{"id":816,"first_name":"Danish","middle_name":"NA","last_name":"Akhtar","date_of_birth":"14/05/1987"},{"id":817,"first_name":"Danish","middle_name":"NA","last_name":"Akhtar","date_of_birth":"14/05/1987"},{"id":822,"first_name":"Danish","middle_name":"NA","last_name":"Akhtar","date_of_birth":"14/05/1987"},{"id":823,"first_name":"Tee","middle_name":"UpdatedMiddleName","last_name":"Fish","date_of_birth":"11/16/2000"},{"id":825,"first_name":"sample string 2","middle_name":"sample string 3","last_name":"sample string 4","date_of_birth":"sample string 5"},{"id":826,"first_name":"sample string 2","middle_name":"sample string 3","last_name":"sample string 4","date_of_birth":"sample string 5"},{"id":827,"first_name":"shubham","middle_name":"","last_name":"chawla","date_of_birth":"10/02/1994"},{"id":828,"first_name":"shubham","middle_name":"","last_name":"chawla","date_of_birth":"10/02/1994"},{"id":829,"first_name":"sample string 2","middle_name":"sample string 3","last_name":"sample string 4","date_of_birth":"sample string 5"},{"id":830,"first_name":"sample string 2","middle_name":"sample string 3","last_name":"sample string 4","date_of_birth":"sample string 5"},{"id":831,"first_name":"sample string 2","middle_name":"sample string 3","last_name":"sample string 4","date_of_birth":"sample string 5"},{"id":832,"first_name":"sample string 2","middle_name":"sample string 3","last_name":"sample string 4","date_of_birth":"sample string 5"},{"id":833,"first_name":"sample string 2","middle_name":"sample string 3","last_name":"sample string 4","date_of_birth":"sample string 5"},{"id":834,"first_name":"Belen","middle_name":"Maria","last_name":"Vera","date_of_birth":"14 de noviembre de 1985"},{"id":836,"first_name":"Belen","middle_name":"Maria","last_name":"Vera","date_of_birth":"14 de noviembre de 1985"},{"id":837,"first_name":"Belen","middle_name":"Maria","last_name":"Vera","date_of_birth":"14 de noviembre de 1985"},{"id":838,"first_name":"Belen","middle_name":"Maria","last_name":"Vera","date_of_birth":"14 de noviembre de 1985"},{"id":839,"first_name":"Belen","middle_name":"Maria","last_name":"Vera","date_of_birth":"14 de noviembre de 1985"},{"id":840,"first_name":"{{First}}","middle_name":"{{Middle}}","last_name":"{{lastname}}","date_of_birth":"{{nacimiento}}"},{"id":841,"first_name":"Belen","middle_name":"Maria","last_name":"Vera","date_of_birth":"14 de noviembre de 1985"},{"id":842,"first_name":"Belen","middle_name":"Maria","last_name":"Vera","date_of_birth":"14 de noviembre de 1985"},{"id":843,"first_name":"{{First}}","middle_name":"{{Middle}}","last_name":"{{lastname}}","date_of_birth":"{{nacimiento}}"},{"id":844,"first_name":"{{First}}","middle_name":"{{Middle}}","last_name":"{{lastname}}","date_of_birth":"{{nacimiento}}"},{"id":845,"first_name":"{{First}}","middle_name":"{{Middle}}","last_name":"{{lastname}}","date_of_birth":"{{nacimiento}}"},{"id":846,"first_name":"{{First}}","middle_name":"{{Middle}}","last_name":"{{lastname}}","date_of_birth":"{{nacimiento}}"},{"id":847,"first_name":"{{First}}","middle_name":"{{Middle}}","last_name":"{{lastname}}","date_of_birth":"{{nacimiento}}"},{"id":848,"first_name":"{{First}}","middle_name":"{{Middle}}","last_name":"{{lastname}}","date_of_birth":"{{nacimiento}}"},{"id":849,"first_name":"{{First}}","middle_name":"{{Middle}}","last_name":"{{lastname}}","date_of_birth":"{{nacimiento}}"},{"id":850,"first_name":"{{First}}","middle_name":"{{Middle}}","last_name":"{{lastname}}","date_of_birth":"{{nacimiento}}"},{"id":851,"first_name":"{{First}}","middle_name":"{{Middle}}","last_name":"{{lastname}}","date_of_birth":"{{nacimiento}}"},{"id":852,"first_name":"Belen","middle_name":"Maria","last_name":"Vera","date_of_birth":"14 de noviembre de 1985"},{"id":853,"first_name":"Danish","middle_name":"NA","last_name":"Akhtar","date_of_birth":"14/05/1987"},{"id":854,"first_name":"Danish","middle_name":"NA","last_name":"Akhtar","date_of_birth":"14/05/1987"},{"id":855,"first_name":"Sunil","middle_name":"Kumar","last_name":"Choudhary","date_of_birth":"14/05/1987"},{"id":856,"first_name":"Sunil","middle_name":"Kumar","last_name":"Choudhary","date_of_birth":"14/05/1987"},{"id":857,"first_name":"Sunil","middle_name":"Kumar","last_name":"Choudhary","date_of_birth":"14/05/1987"},{"id":858,"first_name":"Sunil","middle_name":"Kumar","last_name":"Choudhary","date_of_birth":"14/05/1987"},{"id":859,"first_name":"Sunil","middle_name":"Kumar","last_name":"Choudhary","date_of_birth":"14/05/1987"},{"id":860,"first_name":"Sunil","middle_name":"Kumar","last_name":"Choudhary","date_of_birth":"14/05/1987"},{"id":861,"first_name":"Sunil","middle_name":"Kumar","last_name":"Choudhary","date_of_birth":"14/05/1987"},{"id":862,"first_name":"Sunil","middle_name":"Kumar","last_name":"Choudhary","date_of_birth":"14/05/1987"},{"id":863,"first_name":"Sunil","middle_name":"Kumar","last_name":"Choudhary","date_of_birth":"14/05/1987"},{"id":864,"first_name":"Sunil","middle_name":"Kumar","last_name":"Choudhary","date_of_birth":"14/05/1987"},{"id":865,"first_name":"Sunil","middle_name":"Kumar","last_name":"Choudhary","date_of_birth":"14/05/1987"},{"id":866,"first_name":"Sunil","middle_name":"Kumar","last_name":"Choudhary","date_of_birth":"14/05/1987"},{"id":867,"first_name":"Sunil","middle_name":"Kumar","last_name":"Choudhary","date_of_birth":"14/05/1987"},{"id":868,"first_name":"Sunil","middle_name":"Kumar","last_name":"Choudhary","date_of_birth":"14/05/1987"},{"id":869,"first_name":"Sunil","middle_name":"Kumar","last_name":"Choudhary","date_of_birth":"14/05/1987"},{"id":870,"first_name":"Sunil","middle_name":"Kumar","last_name":"Choudhary","date_of_birth":"14/05/1987"},{"id":871,"first_name":"Sunil","middle_name":"Kumar","last_name":"Choudhary","date_of_birth":"14/05/1987"},{"id":872,"first_name":"Sunil","middle_name":"Kumar","last_name":"Choudhary","date_of_birth":"14/05/1987"},{"id":873,"first_name":"Sunil","middle_name":"Kumar","last_name":"Choudhary","date_of_birth":"14/05/1987"},{"id":874,"first_name":"Sunil","middle_name":"Kumar","last_name":"Choudhary","date_of_birth":"14/05/1987"},{"id":875,"first_name":"Sunil","middle_name":"Kumar","last_name":"Choudhary","date_of_birth":"14/05/1987"},{"id":876,"first_name":"Sunil","middle_name":"Kumar","last_name":"Choudhary","date_of_birth":"14/05/1987"},{"id":877,"first_name":"Sunil","middle_name":"Kumar","last_name":"Choudhary","date_of_birth":"14/05/1987"},{"id":878,"first_name":"Sunil","middle_name":"Kumar","last_name":"Choudhary","date_of_birth":"14/05/1987"},{"id":879,"first_name":"Sunil","middle_name":"Kumar","last_name":"Choudhary","date_of_birth":"14/05/1987"},{"id":880,"first_name":"Sunil","middle_name":"Kumar","last_name":"Choudhary","date_of_birth":"14/05/1987"},{"id":881,"first_name":"Sunil","middle_name":"Kumar","last_name":"Choudhary","date_of_birth":"14/05/1987"},{"id":882,"first_name":"Sunil","middle_name":"Kumar","last_name":"Choudhary","date_of_birth":"14/05/1987"},{"id":883,"first_name":"Sunil","middle_name":"Kumar","last_name":"Choudhary","date_of_birth":"14/05/1987"},{"id":884,"first_name":"Belen","middle_name":"Maria","last_name":"Vera","date_of_birth":"14 de noviembre de 1985"},{"id":887,"first_name":"Belen","middle_name":"Maria","last_name":"Vera","date_of_birth":"14 de noviembre de 1985"},{"id":888,"first_name":"Belen","middle_name":"Maria","last_name":"Vera","date_of_birth":"14 de noviembre de 1985"},{"id":889,"first_name":"Belen","middle_name":"Maria","last_name":"Vera","date_of_birth":"14 de noviembre de 1985"},{"id":890,"first_name":"Belen","middle_name":"Maria","last_name":"Vera","date_of_birth":"14 de noviembre de 1985"},{"id":891,"first_name":"Belen","middle_name":"Maria","last_name":"Vera","date_of_birth":"14 de noviembre de 1985"},{"id":893,"first_name":"Todd","middle_name":"R","last_name":"Fish","date_of_birth":"11/19/2000"},{"id":894,"first_name":"Tee","middle_name":"Big","last_name":"Fish","date_of_birth":"8/30/2013"},{"id":895,"first_name":"Todd","middle_name":"R","last_name":"Fish","date_of_birth":"11/19/2000"},{"id":896,"first_name":"Danish","middle_name":"NA","last_name":"Akhtar","date_of_birth":"14/05/1987"},{"id":897,"first_name":"Danish","middle_name":"NA","last_name":"Akhtar","date_of_birth":"14/05/1987"},{"id":898,"first_name":"Danish","middle_name":"NA","last_name":"Akhtar","date_of_birth":"14/05/1987"},{"id":899,"first_name":"Danish","middle_name":"NA","last_name":"Akhtar","date_of_birth":"14/05/1987"},{"id":900,"first_name":"Danish","middle_name":"NA","last_name":"Akhtar","date_of_birth":"14/05/1987"},{"id":901,"first_name":"Danish","middle_name":"NA","last_name":"Akhtar","date_of_birth":"14/05/1987"},{"id":902,"first_name":"Danish","middle_name":"NA","last_name":"Akhtar","date_of_birth":"14/05/1987"},{"id":903,"first_name":"Danish","middle_name":"NA","last_name":"Akhtar","date_of_birth":"14/05/1987"},{"id":904,"first_name":"Danish","middle_name":"NA","last_name":"Akhtar","date_of_birth":"14/05/1987"},{"id":905,"first_name":"Danish","middle_name":"NA","last_name":"Akhtar","date_of_birth":"14/05/1987"},{"id":906,"first_name":"Danish","middle_name":"NA","last_name":"Akhtar","date_of_birth":"14/05/1987"},{"id":907,"first_name":"Danish","middle_name":"NA","last_name":"Akhtar","date_of_birth":"14/05/1987"},{"id":908,"first_name":"Danish","middle_name":"NA","last_name":"Akhtar","date_of_birth":"14/05/1987"},{"id":909,"first_name":"Danish","middle_name":"NA","last_name":"Akhtar","date_of_birth":"14/05/1987"},{"id":910,"first_name":"Danish","middle_name":"NA","last_name":"Akhtar","date_of_birth":"14/05/1987"},{"id":911,"first_name":"Danish","middle_name":"NA","last_name":"Akhtar","date_of_birth":"14/05/1987"},{"id":912,"first_name":"Danish","middle_name":"NA","last_name":"Akhtar","date_of_birth":"14/05/1987"},{"id":913,"first_name":"testing","middle_name":"world","last_name":"testing world 2","date_of_birth":"12/12/1985"},{"id":914,"first_name":"Testing","middle_name":"World111","last_name":"abcd","date_of_birth":"12/12/1986"},{"id":915,"first_name":"purple","middle_name":"purple","last_name":"purple","date_of_birth":"11"},{"id":920,"first_name":"OBAMA","middle_name":"TURMP","last_name":"BUSH","date_of_birth":"5"},{"id":921,"first_name":"BEN","middle_name":"BEN","last_name":"BEN","date_of_birth":"909090"},{"id":922,"first_name":"BEN","middle_name":"BEN","last_name":"BEN","date_of_birth":"909090"},{"id":924,"first_name":"thinkpad","middle_name":"440","last_name":"440","date_of_birth":"909090"},{"id":925,"first_name":"thinkpad","middle_name":"hdmi","last_name":"440","date_of_birth":"909090"},{"id":926,"first_name":"nature valley","middle_name":"hdmi","last_name":"440","date_of_birth":"909090"},{"id":927,"first_name":"nature valley","middle_name":"probiotics","last_name":"440","date_of_birth":"909090"},{"id":928,"first_name":"IIIIIIIIII","middle_name":"hdmi","last_name":"OOOOOOO","date_of_birth":"909090"},{"id":929,"first_name":"Testing","middle_name":"A","last_name":"World","date_of_birth":"12/12/1985"},{"id":938,"first_name":"C","middle_name":null,"last_name":"S","date_of_birth":"16/11/2018"},{"id":939,"first_name":"TWorld","middle_name":"Testing","last_name":"Singh","date_of_birth":"22/10/12"},{"id":940,"first_name":"AKS","middle_name":"AA","last_name":"KKK","date_of_birth":"22/10/12"},{"id":941,"first_name":"udemyfirstname","middle_name":"U","last_name":"Udemy Last Name","date_of_birth":"01/01/1988"},{"id":942,"first_name":"udemyfirstname","middle_name":"U","last_name":"Udemy Last Name","date_of_birth":"01/01/1988"},{"id":943,"first_name":"udemyfirstname","middle_name":"U","last_name":"Udemy Last Name","date_of_birth":"01/01/1988"},{"id":944,"first_name":"udemyfirstname","middle_name":"U","last_name":"Udemy Last Name","date_of_birth":"01/01/1988"},{"id":945,"first_name":"udemyfirstnamePPPPP","middle_name":"U","last_name":"Udemy Last Name","date_of_birth":"01/01/1988"},{"id":946,"first_name":"udemyfirstnamePPPPP","middle_name":"U","last_name":"Udemy Last Name","date_of_birth":"01/01/1988"},{"id":947,"first_name":"udemyfirstnamePPPPP","middle_name":"U","last_name":"Udemy Last Name","date_of_birth":"01/01/1988"},{"id":949,"first_name":"LALALAudemyfirstnamePPPPP","middle_name":"U","last_name":"Udemy Last Name","date_of_birth":"01/01/1988"},{"id":951,"first_name":"LALALAudemyfirstnamePPPPP","middle_name":"U","last_name":"Udemy Last Name","date_of_birth":"01/01/1988"},{"id":952,"first_name":"LALALAudemyfirstnamePPPPP","middle_name":"U","last_name":"Udemy Last Name","date_of_birth":"01/01/1988"},{"id":953,"first_name":"new studnet","middle_name":"new middle ","last_name":"new last","date_of_birth":"121212"},{"id":954,"first_name":"new studnet","middle_name":"new middle ","last_name":"new last","date_of_birth":"121212"},{"id":955,"first_name":"new studnet","middle_name":"new middle ","last_name":"new last","date_of_birth":"121212"},{"id":956,"first_name":"First Pro FN","middle_name":"MN","last_name":"Last Pro LN","date_of_birth":"01/01/1010"},{"id":957,"first_name":"new studnet","middle_name":"new middle ","last_name":"new last","date_of_birth":"121212"},{"id":958,"first_name":"new studnet","middle_name":"new middle ","last_name":"new last","date_of_birth":"121212"},{"id":959,"first_name":"957 First Pro FN","middle_name":"957 MN","last_name":"957 Last Pro LN","date_of_birth":"01/01/1010"},{"id":960,"first_name":"new studnet","middle_name":"new middle ","last_name":"new last","date_of_birth":"121212"},{"id":961,"first_name":"new studnet","middle_name":"new middle ","last_name":"new last","date_of_birth":"121212"},{"id":962,"first_name":"new studnet","middle_name":"new middle ","last_name":"new last","date_of_birth":"121212"},{"id":963,"first_name":"new studnet","middle_name":"new middle ","last_name":"new last","date_of_birth":"121212"},{"id":964,"first_name":"957 First Pro FN","middle_name":"957 MN","last_name":"957 Last Pro LN","date_of_birth":"01/01/1010"},{"id":965,"first_name":null,"middle_name":null,"last_name":null,"date_of_birth":null},{"id":966,"first_name":null,"middle_name":null,"last_name":null,"date_of_birth":null},{"id":967,"first_name":null,"middle_name":null,"last_name":null,"date_of_birth":null},{"id":968,"first_name":null,"middle_name":null,"last_name":null,"date_of_birth":null},{"id":969,"first_name":null,"middle_name":null,"last_name":null,"date_of_birth":null},{"id":970,"first_name":null,"middle_name":null,"last_name":null,"date_of_birth":null},{"id":971,"first_name":null,"middle_name":null,"last_name":null,"date_of_birth":null},{"id":972,"first_name":null,"middle_name":null,"last_name":null,"date_of_birth":null},{"id":973,"first_name":null,"middle_name":null,"last_name":null,"date_of_birth":null},{"id":974,"first_name":"sample string 2","middle_name":"sample string 3","last_name":"sample string 4","date_of_birth":"sample string 5"},{"id":975,"first_name":"sample string 2","middle_name":"sample string 3","last_name":"sample string 4","date_of_birth":"sample string 5"},{"id":976,"first_name":"gsdfssample string 2","middle_name":"sample string 3","last_name":"sample string 4","date_of_birth":"sample string 5"},{"id":977,"first_name":"ddddsample string 2","middle_name":"sample string 3","last_name":"sample string 4","date_of_birth":"sample string 5"},{"id":978,"first_name":null,"middle_name":null,"last_name":null,"date_of_birth":null},{"id":979,"first_name":"sample string 2","middle_name":"sample string 3","last_name":"sample string 4","date_of_birth":"sample string 5"},{"id":981,"first_name":"student1","middle_name":"student1","last_name":"student1","date_of_birth":"12/12/1985"},{"id":982,"first_name":"sample string 2","middle_name":"sample string 3","last_name":"sample string 4","date_of_birth":"sample string 5"},{"id":983,"first_name":"nikita","middle_name":"n","last_name":"n4","date_of_birth":"12/12/1994"},{"id":984,"first_name":"nikita","middle_name":"n","last_name":"n4","date_of_birth":"12/12/1994"},{"id":985,"first_name":"Danish","middle_name":"NA","last_name":"Akhtar","date_of_birth":"14/05/1987"},{"id":986,"first_name":"Testig","middle_name":"World","last_name":"www.thetestingworld","date_of_birth":"12/12/1985"},{"id":987,"first_name":"Adam","middle_name":"John","last_name":"Smith - Johanson","date_of_birth":"2215-01-00"},{"id":989,"first_name":"sample Testing","middle_name":"sample World","last_name":"sample .com","date_of_birth":"12/12/2012"},{"id":991,"first_name":"student1","middle_name":"student1","last_name":"student1","date_of_birth":"12/12/1985"},{"id":992,"first_name":"TESTING","middle_name":"WORLD","last_name":"SAMPLE TEST","date_of_birth":"11/11/2011"},{"id":995,"first_name":"james","middle_name":"richard","last_name":"hill","date_of_birth":"02/07/2019"},{"id":997,"first_name":"Michael","middle_name":"Gary","last_name":"Scott","date_of_birth":"11-27-2018"},{"id":998,"first_name":"Michael","middle_name":"Gary","last_name":"Scarn","date_of_birth":"11-27-2018"},{"id":999,"first_name":"james1","middle_name":"rich","last_name":"hills","date_of_birth":"02/06/2019"},{"id":1004,"first_name":"Mohommad","middle_name":"","last_name":"Sahil","date_of_birth":"10/12/1994"},{"id":1005,"first_name":"Danish","middle_name":"NA","last_name":"Akhtar","date_of_birth":"14/05/1987"},{"id":1006,"first_name":"Danish","middle_name":"NA","last_name":"Akhtar","date_of_birth":"14/05/1987"},{"id":1007,"first_name":"Danish","middle_name":"NA","last_name":"Akhtar","date_of_birth":"14/05/1987"},{"id":1008,"first_name":"Sunil","middle_name":"Kumar","last_name":"Choudhary","date_of_birth":"14/05/1987"},{"id":1009,"first_name":"Sunil","middle_name":"Kumar","last_name":"Choudhary","date_of_birth":"14/05/1
[...]
name":"R","last_name":"Terkar","date_of_birth":"27/06/1995"},{"id":3973,"first_name":"Omkar","middle_name":"R","last_name":"Terkar","date_of_birth":"27/06/1995"},{"id":3974,"first_name":"Omkar","middle_name":"R","last_name":"Terkar","date_of_birth":"27/06/1995"},{"id":3975,"first_name":"Omkar","middle_name":"R","last_name":"Terkar","date_of_birth":"27/06/1995"},{"id":3976,"first_name":"Omkar","middle_name":"R","last_name":"Terkar","date_of_birth":"27/06/1995"},{"id":3977,"first_name":"Omkar","middle_name":"R","last_name":"Terkar","date_of_birth":"27/06/1995"},{"id":3978,"first_name":"Omkar","middle_name":"R","last_name":"Terkar","date_of_birth":"27/06/1995"},{"id":3979,"first_name":"Naveen","middle_name":"V","last_name":"Naik","date_of_birth":"22/04/1994"},{"id":3980,"first_name":"Omkar","middle_name":"R","last_name":"Terkar","date_of_birth":"27/06/1995"},{"id":3981,"first_name":"Naveen","middle_name":"V","last_name":"Naik","date_of_birth":"22/04/1994"},{"id":3983,"first_name":"Adam","middle_name":"Senior","last_name":"Anderson","date_of_birth":"31-03-1930"},{"id":3984,"first_name":"FName","middle_name":"MName","last_name":"LName","date_of_birth":"10/10/1990"},{"id":3985,"first_name":"sample string 2","middle_name":"sample string 3","last_name":"sample string 4","date_of_birth":"sample string 5"},{"id":3986,"first_name":"sample string 2","middle_name":"sample string 3","last_name":"sample string 4","date_of_birth":"sample string 5"},{"id":3987,"first_name":"sample string 2","middle_name":"sample string 3","last_name":"sample string 4","date_of_birth":"sample string 5"},{"id":3988,"first_name":"sample string 2","middle_name":"sample string 3","last_name":"sample string 4","date_of_birth":"sample string 5"},{"id":3989,"first_name":"shanti","middle_name":"","last_name":"","date_of_birth":"12/12/1970"},{"id":3990,"first_name":"shanti","middle_name":"ballabh","last_name":"devi","date_of_birth":"12/12/1970"},{"id":3991,"first_name":"sneha","middle_name":"shubhendu","last_name":"sharma","date_of_birth":"01/01/1989"},{"id":3992,"first_name":"shubhendu","middle_name":"kamlakant","last_name":"sharma","date_of_birth":"22/02/1987"},{"id":3993,"first_name":"gullan","middle_name":"kapil","last_name":"dubey","date_of_birth":"20/11/1990"},{"id":3994,"first_name":"goldi","middle_name":"vipin","last_name":"sharma","date_of_birth":"25/06/1985"},{"id":3995,"first_name":"jeeva","middle_name":"kapil","last_name":"dubey","date_of_birth":"23/08/2016"},{"id":3996,"first_name":"sneha","middle_name":"shubhendu","last_name":"sharma","date_of_birth":"01/01/1989"},{"id":3997,"first_name":"shubhendu","middle_name":"kamlakant","last_name":"sharma","date_of_birth":"22/02/1987"},{"id":3998,"first_name":"gullan","middle_name":"kapil","last_name":"dubey","date_of_birth":"20/11/1990"},{"id":3999,"first_name":"goldi","middle_name":"vipin","last_name":"sharma","date_of_birth":"25/06/1985"},{"id":4000,"first_name":"jeeva","middle_name":"kapil","last_name":"dubey","date_of_birth":"23/08/2016"},{"id":4001,"first_name":"jeeva","middle_name":"kapil","last_name":"dubey","date_of_birth":"23/08/2016"},{"id":4002,"first_name":"","middle_name":"","last_name":"","date_of_birth":""},{"id":4003,"first_name":"sneha","middle_name":"shubhendu","last_name":"sharma","date_of_birth":"01/01/1989"},{"id":4004,"first_name":"shubhendu","middle_name":"kamlakant","last_name":"sharma","date_of_birth":"22/02/1987"},{"id":4005,"first_name":"gullan","middle_name":"kapil","last_name":"dubey","date_of_birth":"20/11/1990"},{"id":4006,"first_name":"goldi","middle_name":"vipin","last_name":"sharma","date_of_birth":"25/06/1985"},{"id":4007,"first_name":"jeeva","middle_name":"kapil","last_name":"dubey","date_of_birth":"23/08/2016"},{"id":4008,"first_name":"sneha","middle_name":"shubhendu","last_name":"sharma","date_of_birth":"01/01/1989"},{"id":4009,"first_name":"shubhendu","middle_name":"kamlakant","last_name":"sharma","date_of_birth":"22/02/1987"},{"id":4010,"first_name":"gullan","middle_name":"kapil","last_name":"dubey","date_of_birth":"20/11/1990"},{"id":4011,"first_name":"goldi","middle_name":"vipin","last_name":"sharma","date_of_birth":"25/06/1985"},{"id":4012,"first_name":"jeeva","middle_name":"kapil","last_name":"dubey","date_of_birth":"23/08/2016"},{"id":4013,"first_name":"jeeva","middle_name":"kapil","last_name":"dubey","date_of_birth":"23/08/2016"},{"id":4014,"first_name":"sneha","middle_name":"shubhendu","last_name":"sharma","date_of_birth":"01/01/1989"},{"id":4015,"first_name":"shubhendu","middle_name":"kamlakant","last_name":"sharma","date_of_birth":"22/02/1987"},{"id":4016,"first_name":"gullan","middle_name":"kapil","last_name":"dubey","date_of_birth":"20/11/1990"},{"id":4017,"first_name":"goldi","middle_name":"vipin","last_name":"sharma","date_of_birth":"25/06/1985"},{"id":4018,"first_name":"jeeva","middle_name":"kapil","last_name":"dubey","date_of_birth":"23/08/2016"},{"id":4019,"first_name":"NaijimTest","middle_name":"AliTest","last_name":"Test","date_of_birth":"01/01/1990"},{"id":4021,"first_name":"sneha","middle_name":"shubhendu","last_name":"sharma","date_of_birth":"01/01/1989"},{"id":4022,"first_name":"shubhendu","middle_name":"kamlakant","last_name":"sharma","date_of_birth":"22/02/1987"},{"id":4023,"first_name":"gullan","middle_name":"kapil","last_name":"dubey","date_of_birth":"20/11/1990"},{"id":4024,"first_name":"goldi","middle_name":"vipin","last_name":"sharma","date_of_birth":"25/06/1985"},{"id":4025,"first_name":"jeeva","middle_name":"kapil","last_name":"dubey","date_of_birth":"23/08/2016"},{"id":4026,"first_name":"sneha","middle_name":"shubhendu","last_name":"sharma","date_of_birth":"01/01/1989"},{"id":4027,"first_name":"shubhendu","middle_name":"kamlakant","last_name":"sharma","date_of_birth":"22/02/1987"},{"id":4028,"first_name":"gullan","middle_name":"kapil","last_name":"dubey","date_of_birth":"20/11/1990"},{"id":4029,"first_name":"goldi","middle_name":"vipin","last_name":"sharma","date_of_birth":"25/06/1985"},{"id":4030,"first_name":"jeeva","middle_name":"kapil","last_name":"dubey","date_of_birth":"23/08/2016"},{"id":4031,"first_name":"sneha","middle_name":"shubhendu","last_name":"sharma","date_of_birth":"01/01/1989"},{"id":4032,"first_name":"shubhendu","middle_name":"kamlakant","last_name":"sharma","date_of_birth":"22/02/1987"},{"id":4033,"first_name":"gullan","middle_name":"kapil","last_name":"dubey","date_of_birth":"20/11/1990"},{"id":4034,"first_name":"goldi","middle_name":"vipin","last_name":"sharma","date_of_birth":"25/06/1985"},{"id":4035,"first_name":"jeeva","middle_name":"kapil","last_name":"dubey","date_of_birth":"23/08/2016"},{"id":4036,"first_name":"sneha","middle_name":"shubhendu","last_name":"sharma","date_of_birth":"01/01/1989"},{"id":4037,"first_name":"shubhendu","middle_name":"kamlakant","last_name":"sharma","date_of_birth":"22/02/1987"},{"id":4038,"first_name":"gullan","middle_name":"kapil","last_name":"dubey","date_of_birth":"20/11/1990"},{"id":4039,"first_name":"goldi","middle_name":"vipin","last_name":"sharma","date_of_birth":"25/06/1985"},{"id":4040,"first_name":"jeeva","middle_name":"kapil","last_name":"dubey","date_of_birth":"23/08/2016"},{"id":4041,"first_name":"jeeva","middle_name":"kapil","last_name":"dubey","date_of_birth":"23/08/2016"},{"id":4042,"first_name":"Omkar","middle_name":"R","last_name":"Terkar","date_of_birth":"27/06/1995"},{"id":4043,"first_name":"Naveen","middle_name":"V","last_name":"Naik","date_of_birth":"22/04/1994"},{"id":4044,"first_name":"Omkar","middle_name":"R","last_name":"Terkar","date_of_birth":"27/06/1995"},{"id":4045,"first_name":"Naveen","middle_name":"V","last_name":"Naik","date_of_birth":"22/04/1994"},{"id":4046,"first_name":"Omkar","middle_name":"R","last_name":"Terkar","date_of_birth":"27/06/1995"},{"id":4047,"first_name":"Naveen","middle_name":"V","last_name":"Naik","date_of_birth":"22/04/1994"},{"id":4048,"first_name":"Omkar","middle_name":"R","last_name":"Terkar","date_of_birth":"27/06/1995"},{"id":4049,"first_name":"Naveen","middle_name":"V","last_name":"Naik","date_of_birth":"22/04/1994"},{"id":4050,"first_name":"Omkar","middle_name":"R","last_name":"Terkar","date_of_birth":"27/06/1995"},{"id":4051,"first_name":"Naveen","middle_name":"V","last_name":"Naik","date_of_birth":"22/04/1994"},{"id":4052,"first_name":"Naveen","middle_name":"V","last_name":"Naik","date_of_birth":"22/04/1994"},{"id":4053,"first_name":"Naveen","middle_name":"V","last_name":"Naik","date_of_birth":"22/04/1994"},{"id":4054,"first_name":"Naveen","middle_name":"V","last_name":"Naik","date_of_birth":"22/04/1994"},{"id":4055,"first_name":"Naveen","middle_name":"V","last_name":"Naik","date_of_birth":"22/04/1994"},{"id":4056,"first_name":"shoib","middle_name":"S","last_name":"SS","date_of_birth":"5/4/1997"},{"id":4057,"first_name":"shoib","middle_name":"S","last_name":"SS","date_of_birth":"5/4/1997"},{"id":4058,"first_name":"shoib","middle_name":"S","last_name":"SS","date_of_birth":"5/4/1997"},{"id":4059,"first_name":"shoib","middle_name":"S","last_name":"SS","date_of_birth":"5/4/1997"},{"id":4060,"first_name":"shoib","middle_name":"S","last_name":"SS","date_of_birth":"5/4/1997"},{"id":4061,"first_name":"shoib","middle_name":"S","last_name":"SS","date_of_birth":"5/4/1997"},{"id":4062,"first_name":"shoib","middle_name":"S","last_name":"SS","date_of_birth":"5/4/1997"},{"id":4063,"first_name":"shoib","middle_name":"S","last_name":"SS","date_of_birth":"5/4/1997"},{"id":4064,"first_name":"shoib","middle_name":"S","last_name":"SS","date_of_birth":"5/4/1997"},{"id":4065,"first_name":"shoib","middle_name":"S","last_name":"SS","date_of_birth":"5/4/1997"},{"id":4068,"first_name":"sample string 2","middle_name":"sample string 3","last_name":"sample string 4","date_of_birth":"sample string 5"},{"id":4069,"first_name":"sample string 2","middle_name":"sample string 3","last_name":"sample string 4","date_of_birth":"sample string 5"},{"id":4070,"first_name":"sample string 2","middle_name":"sample string 3","last_name":"sample string 4","date_of_birth":"sample string 5"},{"id":4071,"first_name":"Fname","middle_name":"Mnamme","last_name":"Lname","date_of_birth":"11/11/1987"},{"id":4072,"first_name":"Fname","middle_name":"Mnamme","last_name":"Lname","date_of_birth":"11/11/1987"},{"id":4073,"first_name":"shoib","middle_name":"S","last_name":"SS","date_of_birth":"5/4/1997"},{"id":4074,"first_name":"Testing","middle_name":"A","last_name":"World","date_of_birth":"12/12/1990"},{"id":4075,"first_name":"sample string test-test","middle_name":"sample string test","last_name":"sample string test","date_of_birth":"sample string test"},{"id":4076,"first_name":"PropertyA-A","middle_name":"PropertyB-A","last_name":"PropertyC-A","date_of_birth":"21"},{"id":4077,"first_name":"PropertyA-B","middle_name":"PropertyB-B","last_name":"PropertyC-B","date_of_birth":"22"},{"id":4078,"first_name":"PropertyA-C","middle_name":"PropertyB-C","last_name":"PropertyC-C","date_of_birth":"23"},{"id":4079,"first_name":"PropertyA-D","middle_name":"PropertyB-D","last_name":"PropertyC-D","date_of_birth":"24"},{"id":4080,"first_name":"PropertyA-E","middle_name":"PropertyB-E","last_name":"PropertyC-E","date_of_birth":"25"},{"id":4081,"first_name":"PropertyA-F","middle_name":"PropertyB-F","last_name":"PropertyC-F","date_of_birth":"26"},{"id":4082,"first_name":"FirstName-A","middle_name":"MiddleName-A","last_name":"LastName-A","date_of_birth":"12/1/82 "},{"id":4083,"first_name":"Cesar","middle_name":"Eric","last_name":"Dale","date_of_birth":"04-05-1967"},{"id":4084,"first_name":"Cesar","middle_name":"Eric","last_name":"Dale","date_of_birth":"04-05-1967"},{"id":4085,"first_name":"Cesar","middle_name":"Eric","last_name":"Dale","date_of_birth":"04-05-1967"},{"id":4086,"first_name":"Gergo","middle_name":"Peter","last_name":"sample string 4","date_of_birth":"11/11/1911"},{"id":4088,"first_name":"sample string 2","middle_name":"sample string 3","last_name":"sample string 4","date_of_birth":"sample string 5"},{"id":4089,"first_name":"sample string 2","middle_name":"sample string 3","last_name":"sample string 4","date_of_birth":"sample string 5"},{"id":4090,"first_name":"sample string 2","middle_name":"sample string 3","last_name":"sample string 4","date_of_birth":"sample string 5"},{"id":4091,"first_name":"sample string 2","middle_name":"sample string 3","last_name":"sample string 4","date_of_birth":"sample string 5"},{"id":4092,"first_name":"sample string 2","middle_name":"sample string 3","last_name":"sample string 4","date_of_birth":"sample string 5"},{"id":4093,"first_name":"sample string 2","middle_name":"sample string 3","last_name":"sample string 4","date_of_birth":"sample string 5"},{"id":4094,"first_name":"Ram","middle_name":"SM","last_name":"Charan","date_of_birth":"12-12-2000"},{"id":4095,"first_name":"Ram","middle_name":"SM","last_name":"Charan","date_of_birth":"12-12-2000"},{"id":4096,"first_name":"Ram","middle_name":"no id given","last_name":"Charan","date_of_birth":"12-12-2000"},{"id":4097,"first_name":"Suni","middle_name":null,"last_name":"SQA","date_of_birth":"12-12-1979"},{"id":4098,"first_name":"tester","middle_name":"QA","last_name":"Testing","date_of_birth":"Bugs"},{"id":4099,"first_name":"tester","middle_name":"QA","last_name":"Testing","date_of_birth":"Bugs"},{"id":4100,"first_name":"tester","middle_name":"QA","last_name":"Testing","date_of_birth":"Bugs"},{"id":4101,"first_name":"tester","middle_name":"QA","last_name":"Testing","date_of_birth":"Bugs"},{"id":4102,"first_name":"tester","middle_name":"QA","last_name":"Testing","date_of_birth":"Bugs"},{"id":4103,"first_name":"tester","middle_name":"QA","last_name":"Testing","date_of_birth":"Bugs"},{"id":4104,"first_name":"tester","middle_name":"QA","last_name":"Testing","date_of_birth":"Bugs"},{"id":4105,"first_name":"tester","middle_name":"QA","last_name":"Testing","date_of_birth":"Bugs"},{"id":4106,"first_name":"tester","middle_name":"QA","last_name":"Testing","date_of_birth":"Bugs"},{"id":4107,"first_name":"tester","middle_name":"QA","last_name":"Testing","date_of_birth":"Bugs"},{"id":4108,"first_name":"tester","middle_name":"QA","last_name":"Testing","date_of_birth":"Bugs"},{"id":4109,"first_name":"tester","middle_name":"QA","last_name":"Testing","date_of_birth":"Bugs"},{"id":4110,"first_name":"Student Gergo","middle_name":"sample string 3","last_name":"sample string 4","date_of_birth":"11/11/1911"},{"id":4111,"first_name":null,"middle_name":null,"last_name":null,"date_of_birth":null},{"id":4112,"first_name":null,"middle_name":null,"last_name":null,"date_of_birth":null},{"id":4113,"first_name":"Testing","middle_name":"M","last_name":"World","date_of_birth":"11/11/2000"},{"id":4114,"first_name":"Testing","middle_name":"M","last_name":"World","date_of_birth":"11/11/2000"},{"id":4115,"first_name":"Testing","middle_name":"M","last_name":"World","date_of_birth":"11/11/2000"},{"id":4116,"first_name":"Testing","middle_name":"M","last_name":"World","date_of_birth":"11/11/2000"},{"id":4117,"first_name":"Testing","middle_name":"M","last_name":"World","date_of_birth":"11/11/2000"},{"id":4118,"first_name":"Testing","middle_name":"M","last_name":"World","date_of_birth":"11/11/2000"},{"id":4119,"first_name":"Testing","middle_name":"M","last_name":"World","date_of_birth":"11/11/2000"},{"id":4120,"first_name":"Testing","middle_name":"M","last_name":"World","date_of_birth":"11/11/2000"},{"id":4121,"first_name":"Testing","middle_name":"M","last_name":"World","date_of_birth":"11/11/2000"},{"id":4122,"first_name":"Testing","middle_name":"M","last_name":"World","date_of_birth":"11/11/2000"},{"id":4123,"first_name":"Testing","middle_name":"M","last_name":"World","date_of_birth":"11/11/2000"},{"id":4124,"first_name":"Testing","middle_name":"M","last_name":"World","date_of_birth":"11/11/2000"},{"id":4125,"first_name":"Testing","middle_name":"M","last_name":"World","date_of_birth":"11/11/2000"},{"id":4126,"first_name":"Testing","middle_name":"M","last_name":"World","date_of_birth":"11/11/2000"},{"id":4127,"first_name":"Testing","middle_name":"M","last_name":"World","date_of_birth":"11/11/2000"},{"id":4128,"first_name":"Testing","middle_name":"M","last_name":"World","date_of_birth":"11/11/2000"}]</msg>
<status status="PASS" starttime="20190407 16:15:28.928" endtime="20190407 16:15:28.937"></status>
</kw>
<status status="PASS" starttime="20190407 16:15:27.704" endtime="20190407 16:15:28.956" critical="yes"></status>
</test>
<test id="s1-t2" name="Get Request Students Details bt Id">
<kw name="Create Session" library="RequestsLibrary">
<doc>Create Session: create a HTTP session to a server</doc>
<arguments>
<arg>Get_Student_Details_By_Id</arg>
<arg>${Base_URL}</arg>
</arguments>
<msg timestamp="20190407 16:15:28.957" level="INFO">Creating Session using : alias=Get_Student_Details_By_Id, url=http://thetestingworldapi.com/, headers={},                     cookies=None, auth=None, timeout=None, proxies=None, verify=False,                     debug=0 </msg>
<status status="PASS" starttime="20190407 16:15:28.957" endtime="20190407 16:15:28.958"></status>
</kw>
<kw name="Get Request" library="RequestsLibrary">
<doc>Send a GET request on the session object found using the
given `alias`</doc>
<arguments>
<arg>Get_Student_Details_By_Id</arg>
<arg>api/studentsDetails/${ID}</arg>
</arguments>
<assign>
<var>${response}</var>
</assign>
<msg timestamp="20190407 16:15:29.129" level="INFO">Get Request using : alias=Get_Student_Details_By_Id, uri=api/studentsDetails/28, headers=None json=None</msg>
<msg timestamp="20190407 16:15:29.129" level="INFO">${response} = &lt;Response [200]&gt;</msg>
<status status="PASS" starttime="20190407 16:15:28.958" endtime="20190407 16:15:29.129"></status>
</kw>
<kw name="Log To Console" library="BuiltIn">
<doc>Logs the given message to the console.</doc>
<arguments>
<arg>${response.status_code}</arg>
</arguments>
<status status="PASS" starttime="20190407 16:15:29.131" endtime="20190407 16:15:29.131"></status>
</kw>
<kw name="Log To Console" library="BuiltIn">
<doc>Logs the given message to the console.</doc>
<arguments>
<arg>${response.content}</arg>
</arguments>
<status status="PASS" starttime="20190407 16:15:29.132" endtime="20190407 16:15:29.132"></status>
</kw>
<kw name="Log" library="BuiltIn">
<doc>Logs the given message with the given level.</doc>
<arguments>
<arg>${response.status_code}</arg>
</arguments>
<msg timestamp="20190407 16:15:29.133" level="INFO">200</msg>
<status status="PASS" starttime="20190407 16:15:29.133" endtime="20190407 16:15:29.133"></status>
</kw>
<kw name="Log" library="BuiltIn">
<doc>Logs the given message with the given level.</doc>
<arguments>
<arg>${response.content}</arg>
</arguments>
<msg timestamp="20190407 16:15:29.134" level="INFO">{"status":"false","msg":"No data Found"}</msg>
<status status="PASS" starttime="20190407 16:15:29.134" endtime="20190407 16:15:29.134"></status>
</kw>
<kw name="Convert To String" library="BuiltIn">
<doc>Converts the given item to a Unicode string.</doc>
<arguments>
<arg>${response.status_code}</arg>
</arguments>
<assign>
<var>${code}</var>
</assign>
<msg timestamp="20190407 16:15:29.135" level="INFO">${code} = 200</msg>
<status status="PASS" starttime="20190407 16:15:29.135" endtime="20190407 16:15:29.135"></status>
</kw>
<kw name="Should Be Equal" library="BuiltIn">
<doc>Fails if the given objects are unequal.</doc>
<arguments>
<arg>${code}</arg>
<arg>200</arg>
</arguments>
<status status="PASS" starttime="20190407 16:15:29.136" endtime="20190407 16:15:29.136"></status>
</kw>
<status status="PASS" starttime="20190407 16:15:28.956" endtime="20190407 16:15:29.136" critical="yes"></status>
</test>
<status status="PASS" starttime="20190407 16:15:27.566" endtime="20190407 16:15:29.138"></status>
</suite>
<statistics>
<total>
<stat pass="2" fail="0">Critical Tests</stat>
<stat pass="2" fail="0">All Tests</stat>
</total>
<tag>
</tag>
<suite>
<stat pass="2" fail="0" id="s1" name="TC001 Get Request">TC001 Get Request</stat>
</suite>
</statistics>
<errors>
</errors>
</robot>
